::1 - - [07/Oct/2017:03:38:55 +0000] "GET / HTTP/1.1" 304 - "-" "Mozilla/5.0 (Macintosh; Intel Mac OS X 10_12_6) AppleWebKit/537.36 (KHTML, like Gecko) Chrome/61.0.3163.100 Safari/537.36"
::1 - - [07/Oct/2017:03:43:19 +0000] "GET /api/books HTTP/1.1" 200 11 "-" "Mozilla/5.0 (Macintosh; Intel Mac OS X 10_12_6) AppleWebKit/537.36 (KHTML, like Gecko) Chrome/61.0.3163.100 Safari/537.36"
::1 - - [07/Oct/2017:03:43:31 +0000] "GET /api/books HTTP/1.1" 304 - "-" "Mozilla/5.0 (Macintosh; Intel Mac OS X 10_12_6) AppleWebKit/537.36 (KHTML, like Gecko) Chrome/61.0.3163.100 Safari/537.36"
::1 - - [07/Oct/2017:03:49:35 +0000] "GET /api/books HTTP/1.1" 304 - "-" "Mozilla/5.0 (Macintosh; Intel Mac OS X 10_12_6) AppleWebKit/537.36 (KHTML, like Gecko) Chrome/61.0.3163.100 Safari/537.36"
::1 - - [07/Oct/2017:03:49:37 +0000] "GET /api/books HTTP/1.1" 304 - "-" "Mozilla/5.0 (Macintosh; Intel Mac OS X 10_12_6) AppleWebKit/537.36 (KHTML, like Gecko) Chrome/61.0.3163.100 Safari/537.36"
::1 - - [07/Oct/2017:03:53:34 +0000] "GET /api/books HTTP/1.1" 304 - "-" "Mozilla/5.0 (Macintosh; Intel Mac OS X 10_12_6) AppleWebKit/537.36 (KHTML, like Gecko) Chrome/61.0.3163.100 Safari/537.36"
::1 - - [07/Oct/2017:03:57:07 +0000] "GET /api/books HTTP/1.1" 304 - "-" "Mozilla/5.0 (Macintosh; Intel Mac OS X 10_12_6) AppleWebKit/537.36 (KHTML, like Gecko) Chrome/61.0.3163.100 Safari/537.36"
::1 - - [07/Oct/2017:03:57:09 +0000] "GET /api/books HTTP/1.1" 304 - "-" "Mozilla/5.0 (Macintosh; Intel Mac OS X 10_12_6) AppleWebKit/537.36 (KHTML, like Gecko) Chrome/61.0.3163.100 Safari/537.36"
::1 - - [07/Oct/2017:03:57:14 +0000] "GET /api/books HTTP/1.1" 304 - "-" "Mozilla/5.0 (Macintosh; Intel Mac OS X 10_12_6) AppleWebKit/537.36 (KHTML, like Gecko) Chrome/61.0.3163.100 Safari/537.36"
::1 - - [07/Oct/2017:04:00:00 +0000] "GET /api/books HTTP/1.1" 304 - "-" "Mozilla/5.0 (Macintosh; Intel Mac OS X 10_12_6) AppleWebKit/537.36 (KHTML, like Gecko) Chrome/61.0.3163.100 Safari/537.36"
::1 - - [07/Oct/2017:04:02:50 +0000] "GET / HTTP/1.1" - - "-" "Mozilla/5.0 (Macintosh; Intel Mac OS X 10_12_6) AppleWebKit/537.36 (KHTML, like Gecko) Chrome/61.0.3163.100 Safari/537.36"
::1 - - [07/Oct/2017:04:02:51 +0000] "GET /api/books HTTP/1.1" 304 - "-" "Mozilla/5.0 (Macintosh; Intel Mac OS X 10_12_6) AppleWebKit/537.36 (KHTML, like Gecko) Chrome/61.0.3163.100 Safari/537.36"
::1 - - [07/Oct/2017:04:03:42 +0000] "GET / HTTP/1.1" - - "-" "Mozilla/5.0 (Macintosh; Intel Mac OS X 10_12_6) AppleWebKit/537.36 (KHTML, like Gecko) Chrome/61.0.3163.100 Safari/537.36"
::1 - - [07/Oct/2017:04:03:47 +0000] "GET / HTTP/1.1" - - "-" "Mozilla/5.0 (Macintosh; Intel Mac OS X 10_12_6) AppleWebKit/537.36 (KHTML, like Gecko) Chrome/61.0.3163.100 Safari/537.36"
::1 - - [07/Oct/2017:04:03:47 +0000] "GET /api/books HTTP/1.1" 304 - "-" "Mozilla/5.0 (Macintosh; Intel Mac OS X 10_12_6) AppleWebKit/537.36 (KHTML, like Gecko) Chrome/61.0.3163.100 Safari/537.36"
::1 - - [07/Oct/2017:04:04:19 +0000] "GET /api/books HTTP/1.1" 304 - "-" "Mozilla/5.0 (Macintosh; Intel Mac OS X 10_12_6) AppleWebKit/537.36 (KHTML, like Gecko) Chrome/61.0.3163.100 Safari/537.36"
::1 - - [07/Oct/2017:04:06:31 +0000] "GET / HTTP/1.1" 200 75 "-" "Mozilla/5.0 (Macintosh; Intel Mac OS X 10_12_6) AppleWebKit/537.36 (KHTML, like Gecko) Chrome/61.0.3163.100 Safari/537.36"
::1 - - [07/Oct/2017:04:06:33 +0000] "GET / HTTP/1.1" 200 83 "-" "Mozilla/5.0 (Macintosh; Intel Mac OS X 10_12_6) AppleWebKit/537.36 (KHTML, like Gecko) Chrome/61.0.3163.100 Safari/537.36"
::1 - - [07/Oct/2017:04:06:34 +0000] "GET / HTTP/1.1" 304 - "-" "Mozilla/5.0 (Macintosh; Intel Mac OS X 10_12_6) AppleWebKit/537.36 (KHTML, like Gecko) Chrome/61.0.3163.100 Safari/537.36"
::1 - - [07/Oct/2017:04:06:36 +0000] "GET / HTTP/1.1" 304 - "-" "Mozilla/5.0 (Macintosh; Intel Mac OS X 10_12_6) AppleWebKit/537.36 (KHTML, like Gecko) Chrome/61.0.3163.100 Safari/537.36"
::1 - - [07/Oct/2017:04:07:16 +0000] "GET / HTTP/1.1" 304 - "-" "Mozilla/5.0 (Macintosh; Intel Mac OS X 10_12_6) AppleWebKit/537.36 (KHTML, like Gecko) Chrome/61.0.3163.100 Safari/537.36"
::1 - - [07/Oct/2017:04:08:08 +0000] "GET / HTTP/1.1" 200 71 "-" "Mozilla/5.0 (Macintosh; Intel Mac OS X 10_12_6) AppleWebKit/537.36 (KHTML, like Gecko) Chrome/61.0.3163.100 Safari/537.36"
::1 - - [07/Oct/2017:04:08:17 +0000] "GET / HTTP/1.1" 200 79 "-" "Mozilla/5.0 (Macintosh; Intel Mac OS X 10_12_6) AppleWebKit/537.36 (KHTML, like Gecko) Chrome/61.0.3163.100 Safari/537.36"
::1 - - [07/Oct/2017:04:08:34 +0000] "GET / HTTP/1.1" 200 71 "-" "Mozilla/5.0 (Macintosh; Intel Mac OS X 10_12_6) AppleWebKit/537.36 (KHTML, like Gecko) Chrome/61.0.3163.100 Safari/537.36"
::1 - - [07/Oct/2017:04:26:40 +0000] "GET /api/books HTTP/1.1" 200 72 "-" "Mozilla/5.0 (Macintosh; Intel Mac OS X 10_12_6) AppleWebKit/537.36 (KHTML, like Gecko) Chrome/61.0.3163.100 Safari/537.36"
::1 - - [07/Oct/2017:04:31:45 +0000] "GET /api/books HTTP/1.1" 200 73 "-" "Mozilla/5.0 (Macintosh; Intel Mac OS X 10_12_6) AppleWebKit/537.36 (KHTML, like Gecko) Chrome/61.0.3163.100 Safari/537.36"
::1 - - [07/Oct/2017:04:33:26 +0000] "GET /api/books HTTP/1.1" 200 99 "-" "Mozilla/5.0 (Macintosh; Intel Mac OS X 10_12_6) AppleWebKit/537.36 (KHTML, like Gecko) Chrome/61.0.3163.100 Safari/537.36"
::1 - - [07/Oct/2017:04:36:05 +0000] "GET /api/books HTTP/1.1" 200 81 "-" "Mozilla/5.0 (Macintosh; Intel Mac OS X 10_12_6) AppleWebKit/537.36 (KHTML, like Gecko) Chrome/61.0.3163.100 Safari/537.36"
::1 - - [07/Oct/2017:04:37:32 +0000] "GET /api/books HTTP/1.1" 500 2166 "-" "Mozilla/5.0 (Macintosh; Intel Mac OS X 10_12_6) AppleWebKit/537.36 (KHTML, like Gecko) Chrome/61.0.3163.100 Safari/537.36"
::1 - - [07/Oct/2017:04:37:34 +0000] "GET /api/books HTTP/1.1" 500 2166 "-" "Mozilla/5.0 (Macintosh; Intel Mac OS X 10_12_6) AppleWebKit/537.36 (KHTML, like Gecko) Chrome/61.0.3163.100 Safari/537.36"
::1 - - [07/Oct/2017:04:37:55 +0000] "GET /api/books HTTP/1.1" 200 81 "-" "Mozilla/5.0 (Macintosh; Intel Mac OS X 10_12_6) AppleWebKit/537.36 (KHTML, like Gecko) Chrome/61.0.3163.100 Safari/537.36"
::1 - - [07/Oct/2017:04:38:55 +0000] "GET /api/books HTTP/1.1" 200 89 "-" "Mozilla/5.0 (Macintosh; Intel Mac OS X 10_12_6) AppleWebKit/537.36 (KHTML, like Gecko) Chrome/61.0.3163.100 Safari/537.36"
::1 - - [07/Oct/2017:04:39:17 +0000] "GET /api/books HTTP/1.1" 200 88 "-" "Mozilla/5.0 (Macintosh; Intel Mac OS X 10_12_6) AppleWebKit/537.36 (KHTML, like Gecko) Chrome/61.0.3163.100 Safari/537.36"
::1 - - [07/Oct/2017:04:40:29 +0000] "GET /api/books HTTP/1.1" 200 270 "-" "Mozilla/5.0 (Macintosh; Intel Mac OS X 10_12_6) AppleWebKit/537.36 (KHTML, like Gecko) Chrome/61.0.3163.100 Safari/537.36"
::1 - - [07/Oct/2017:04:40:44 +0000] "GET /api/books HTTP/1.1" 304 - "-" "Mozilla/5.0 (Macintosh; Intel Mac OS X 10_12_6) AppleWebKit/537.36 (KHTML, like Gecko) Chrome/61.0.3163.100 Safari/537.36"
::1 - - [07/Oct/2017:04:43:29 +0000] "GET /api/books HTTP/1.1" 200 89 "-" "Mozilla/5.0 (Macintosh; Intel Mac OS X 10_12_6) AppleWebKit/537.36 (KHTML, like Gecko) Chrome/61.0.3163.100 Safari/537.36"
::1 - - [07/Oct/2017:04:43:46 +0000] "GET /api/books HTTP/1.1" 200 26 "-" "Mozilla/5.0 (Macintosh; Intel Mac OS X 10_12_6) AppleWebKit/537.36 (KHTML, like Gecko) Chrome/61.0.3163.100 Safari/537.36"
::1 - - [07/Oct/2017:04:43:47 +0000] "GET /api/books HTTP/1.1" 304 - "-" "Mozilla/5.0 (Macintosh; Intel Mac OS X 10_12_6) AppleWebKit/537.36 (KHTML, like Gecko) Chrome/61.0.3163.100 Safari/537.36"
::1 - - [07/Oct/2017:04:44:07 +0000] "GET /api/books HTTP/1.1" 200 89 "-" "Mozilla/5.0 (Macintosh; Intel Mac OS X 10_12_6) AppleWebKit/537.36 (KHTML, like Gecko) Chrome/61.0.3163.100 Safari/537.36"
::1 - - [07/Oct/2017:04:44:08 +0000] "GET /api/books HTTP/1.1" 304 - "-" "Mozilla/5.0 (Macintosh; Intel Mac OS X 10_12_6) AppleWebKit/537.36 (KHTML, like Gecko) Chrome/61.0.3163.100 Safari/537.36"
::1 - - [07/Oct/2017:04:44:35 +0000] "GET /api/books HTTP/1.1" 200 88 "-" "Mozilla/5.0 (Macintosh; Intel Mac OS X 10_12_6) AppleWebKit/537.36 (KHTML, like Gecko) Chrome/61.0.3163.100 Safari/537.36"
::1 - - [07/Oct/2017:04:44:38 +0000] "GET /api/books HTTP/1.1" 304 - "-" "Mozilla/5.0 (Macintosh; Intel Mac OS X 10_12_6) AppleWebKit/537.36 (KHTML, like Gecko) Chrome/61.0.3163.100 Safari/537.36"
::1 - - [07/Oct/2017:04:45:50 +0000] "GET /api/books/ HTTP/1.1" 200 270 "-" "Mozilla/5.0 (Macintosh; Intel Mac OS X 10_12_6) AppleWebKit/537.36 (KHTML, like Gecko) Chrome/61.0.3163.100 Safari/537.36"
::1 - - [07/Oct/2017:04:46:44 +0000] "GET /api/books HTTP/1.1" 200 270 "-" "Mozilla/5.0 (Macintosh; Intel Mac OS X 10_12_6) AppleWebKit/537.36 (KHTML, like Gecko) Chrome/61.0.3163.100 Safari/537.36"
::1 - - [07/Oct/2017:04:52:14 +0000] "GET /api/books HTTP/1.1" 304 - "-" "Mozilla/5.0 (Macintosh; Intel Mac OS X 10_12_6) AppleWebKit/537.36 (KHTML, like Gecko) Chrome/61.0.3163.100 Safari/537.36"
::1 - - [07/Oct/2017:04:52:17 +0000] "GET /api/books HTTP/1.1" 304 - "-" "Mozilla/5.0 (Macintosh; Intel Mac OS X 10_12_6) AppleWebKit/537.36 (KHTML, like Gecko) Chrome/61.0.3163.100 Safari/537.36"
::1 - - [07/Oct/2017:04:52:26 +0000] "GET /api/books/ HTTP/1.1" 200 270 "-" "Mozilla/5.0 (Macintosh; Intel Mac OS X 10_12_6) AppleWebKit/537.36 (KHTML, like Gecko) Chrome/61.0.3163.100 Safari/537.36"
::1 - - [07/Oct/2017:04:53:12 +0000] "POST /api/books HTTP/1.1" 200 80 "-" "Mozilla/5.0 (Macintosh; Intel Mac OS X 10_12_6) AppleWebKit/537.36 (KHTML, like Gecko) Chrome/61.0.3163.100 Safari/537.36"
::1 - - [07/Oct/2017:04:53:18 +0000] "GET /api/books HTTP/1.1" 200 351 "-" "Mozilla/5.0 (Macintosh; Intel Mac OS X 10_12_6) AppleWebKit/537.36 (KHTML, like Gecko) Chrome/61.0.3163.100 Safari/537.36"
::1 - - [07/Oct/2017:04:53:22 +0000] "GET /api/books/ HTTP/1.1" 200 351 "-" "Mozilla/5.0 (Macintosh; Intel Mac OS X 10_12_6) AppleWebKit/537.36 (KHTML, like Gecko) Chrome/61.0.3163.100 Safari/537.36"
::1 - - [07/Oct/2017:04:55:37 +0000] "PUT /api/books/59d85db899d5ea088795d1fe HTTP/1.1" 200 80 "-" "Mozilla/5.0 (Macintosh; Intel Mac OS X 10_12_6) AppleWebKit/537.36 (KHTML, like Gecko) Chrome/61.0.3163.100 Safari/537.36"
::1 - - [07/Oct/2017:04:59:05 +0000] "PUT /api/books/59d85db899d5ea088795d1fe HTTP/1.1" 200 79 "-" "Mozilla/5.0 (Macintosh; Intel Mac OS X 10_12_6) AppleWebKit/537.36 (KHTML, like Gecko) Chrome/61.0.3163.100 Safari/537.36"
::1 - - [07/Oct/2017:04:59:17 +0000] "PUT /api/books/59d85db899d5ea088795d1fe HTTP/1.1" 200 81 "-" "Mozilla/5.0 (Macintosh; Intel Mac OS X 10_12_6) AppleWebKit/537.36 (KHTML, like Gecko) Chrome/61.0.3163.100 Safari/537.36"
::1 - - [07/Oct/2017:04:59:22 +0000] "PUT /api/books/59d85db899d5ea088795d1fe HTTP/1.1" 200 81 "-" "Mozilla/5.0 (Macintosh; Intel Mac OS X 10_12_6) AppleWebKit/537.36 (KHTML, like Gecko) Chrome/61.0.3163.100 Safari/537.36"
::1 - - [07/Oct/2017:04:59:25 +0000] "PUT /api/books/59d85db899d5ea088795d1fe HTTP/1.1" 200 81 "-" "Mozilla/5.0 (Macintosh; Intel Mac OS X 10_12_6) AppleWebKit/537.36 (KHTML, like Gecko) Chrome/61.0.3163.100 Safari/537.36"
::1 - - [07/Oct/2017:04:59:30 +0000] "PUT /api/books/59d85db899d5ea088795d1fe HTTP/1.1" 200 83 "-" "Mozilla/5.0 (Macintosh; Intel Mac OS X 10_12_6) AppleWebKit/537.36 (KHTML, like Gecko) Chrome/61.0.3163.100 Safari/537.36"
::1 - - [07/Oct/2017:04:59:37 +0000] "GET /api/books/ HTTP/1.1" 200 354 "-" "Mozilla/5.0 (Macintosh; Intel Mac OS X 10_12_6) AppleWebKit/537.36 (KHTML, like Gecko) Chrome/61.0.3163.100 Safari/537.36"
::1 - - [07/Oct/2017:05:03:37 +0000] "GET /api/books/59d85db899d5ea088795d1fe HTTP/1.1" 404 173 "-" "Mozilla/5.0 (Macintosh; Intel Mac OS X 10_12_6) AppleWebKit/537.36 (KHTML, like Gecko) Chrome/61.0.3163.100 Safari/537.36"
::1 - - [07/Oct/2017:05:03:47 +0000] "DELETE /api/books/59d85db899d5ea088795d1fe HTTP/1.1" - - "-" "Mozilla/5.0 (Macintosh; Intel Mac OS X 10_12_6) AppleWebKit/537.36 (KHTML, like Gecko) Chrome/61.0.3163.100 Safari/537.36"
::1 - - [07/Oct/2017:05:03:49 +0000] "GET /api/books/ HTTP/1.1" 200 270 "-" "Mozilla/5.0 (Macintosh; Intel Mac OS X 10_12_6) AppleWebKit/537.36 (KHTML, like Gecko) Chrome/61.0.3163.100 Safari/537.36"
::1 - - [07/Oct/2017:05:05:42 +0000] "GET /api/books/ HTTP/1.1" 200 270 "-" "Mozilla/5.0 (Macintosh; Intel Mac OS X 10_12_6) AppleWebKit/537.36 (KHTML, like Gecko) Chrome/61.0.3163.100 Safari/537.36"
::1 - - [07/Oct/2017:05:05:47 +0000] "POST /api/books HTTP/1.1" 200 80 "-" "Mozilla/5.0 (Macintosh; Intel Mac OS X 10_12_6) AppleWebKit/537.36 (KHTML, like Gecko) Chrome/61.0.3163.100 Safari/537.36"
::1 - - [07/Oct/2017:05:05:51 +0000] "GET /api/books/ HTTP/1.1" 200 351 "-" "Mozilla/5.0 (Macintosh; Intel Mac OS X 10_12_6) AppleWebKit/537.36 (KHTML, like Gecko) Chrome/61.0.3163.100 Safari/537.36"
::1 - - [07/Oct/2017:05:05:55 +0000] "GET /api/books/ HTTP/1.1" 200 351 "-" "Mozilla/5.0 (Macintosh; Intel Mac OS X 10_12_6) AppleWebKit/537.36 (KHTML, like Gecko) Chrome/61.0.3163.100 Safari/537.36"
::1 - - [07/Oct/2017:05:06:06 +0000] "PUT /api/books/59d85a23457fef07ca735ff8 HTTP/1.1" 200 83 "-" "Mozilla/5.0 (Macintosh; Intel Mac OS X 10_12_6) AppleWebKit/537.36 (KHTML, like Gecko) Chrome/61.0.3163.100 Safari/537.36"
::1 - - [07/Oct/2017:05:06:12 +0000] "DELETE /api/books/59d85a23457fef07ca735ff8 HTTP/1.1" 302 32 "-" "Mozilla/5.0 (Macintosh; Intel Mac OS X 10_12_6) AppleWebKit/537.36 (KHTML, like Gecko) Chrome/61.0.3163.100 Safari/537.36"
::1 - - [07/Oct/2017:05:06:12 +0000] "DELETE /api/books HTTP/1.1" 404 151 "-" "Mozilla/5.0 (Macintosh; Intel Mac OS X 10_12_6) AppleWebKit/537.36 (KHTML, like Gecko) Chrome/61.0.3163.100 Safari/537.36"
::1 - - [07/Oct/2017:05:06:27 +0000] "GET /api/books/ HTTP/1.1" 200 261 "-" "Mozilla/5.0 (Macintosh; Intel Mac OS X 10_12_6) AppleWebKit/537.36 (KHTML, like Gecko) Chrome/61.0.3163.100 Safari/537.36"
::1 - - [07/Oct/2017:05:08:03 +0000] "GET /api/books/ HTTP/1.1" 200 261 "-" "Mozilla/5.0 (Macintosh; Intel Mac OS X 10_12_6) AppleWebKit/537.36 (KHTML, like Gecko) Chrome/61.0.3163.100 Safari/537.36"
::1 - - [07/Oct/2017:05:08:07 +0000] "POST /api/books HTTP/1.1" 200 80 "-" "Mozilla/5.0 (Macintosh; Intel Mac OS X 10_12_6) AppleWebKit/537.36 (KHTML, like Gecko) Chrome/61.0.3163.100 Safari/537.36"
::1 - - [07/Oct/2017:05:09:03 +0000] "GET /api/books/ HTTP/1.1" 200 342 "-" "Mozilla/5.0 (Macintosh; Intel Mac OS X 10_12_6) AppleWebKit/537.36 (KHTML, like Gecko) Chrome/61.0.3163.100 Safari/537.36"
::1 - - [07/Oct/2017:05:09:12 +0000] "PUT /api/books/59d860abc4de8c0903dc29e4 HTTP/1.1" 200 83 "-" "Mozilla/5.0 (Macintosh; Intel Mac OS X 10_12_6) AppleWebKit/537.36 (KHTML, like Gecko) Chrome/61.0.3163.100 Safari/537.36"
::1 - - [07/Oct/2017:05:09:14 +0000] "GET /api/books/ HTTP/1.1" 200 345 "-" "Mozilla/5.0 (Macintosh; Intel Mac OS X 10_12_6) AppleWebKit/537.36 (KHTML, like Gecko) Chrome/61.0.3163.100 Safari/537.36"
::1 - - [07/Oct/2017:05:09:21 +0000] "DELETE /api/books/59d860abc4de8c0903dc29e4 HTTP/1.1" 200 261 "-" "Mozilla/5.0 (Macintosh; Intel Mac OS X 10_12_6) AppleWebKit/537.36 (KHTML, like Gecko) Chrome/61.0.3163.100 Safari/537.36"
::1 - - [07/Oct/2017:05:11:01 +0000] "GET /api/books/ HTTP/1.1" 200 261 "-" "Mozilla/5.0 (Macintosh; Intel Mac OS X 10_12_6) AppleWebKit/537.36 (KHTML, like Gecko) Chrome/61.0.3163.100 Safari/537.36"
::1 - - [07/Oct/2017:05:11:05 +0000] "POST /api/books HTTP/1.1" 200 80 "-" "Mozilla/5.0 (Macintosh; Intel Mac OS X 10_12_6) AppleWebKit/537.36 (KHTML, like Gecko) Chrome/61.0.3163.100 Safari/537.36"
::1 - - [07/Oct/2017:05:11:08 +0000] "GET /api/books/ HTTP/1.1" 200 342 "-" "Mozilla/5.0 (Macintosh; Intel Mac OS X 10_12_6) AppleWebKit/537.36 (KHTML, like Gecko) Chrome/61.0.3163.100 Safari/537.36"
::1 - - [07/Oct/2017:05:11:14 +0000] "PUT /api/books/59d86137a18a73090bfa7c5a HTTP/1.1" 200 83 "-" "Mozilla/5.0 (Macintosh; Intel Mac OS X 10_12_6) AppleWebKit/537.36 (KHTML, like Gecko) Chrome/61.0.3163.100 Safari/537.36"
::1 - - [07/Oct/2017:05:11:17 +0000] "GET /api/books/ HTTP/1.1" 200 345 "-" "Mozilla/5.0 (Macintosh; Intel Mac OS X 10_12_6) AppleWebKit/537.36 (KHTML, like Gecko) Chrome/61.0.3163.100 Safari/537.36"
::1 - - [07/Oct/2017:05:11:21 +0000] "DELETE /api/books/59d86137a18a73090bfa7c5a HTTP/1.1" 200 261 "-" "Mozilla/5.0 (Macintosh; Intel Mac OS X 10_12_6) AppleWebKit/537.36 (KHTML, like Gecko) Chrome/61.0.3163.100 Safari/537.36"
::1 - - [07/Oct/2017:05:12:23 +0000] "GET /api/books/ HTTP/1.1" 200 261 "-" "Mozilla/5.0 (Macintosh; Intel Mac OS X 10_12_6) AppleWebKit/537.36 (KHTML, like Gecko) Chrome/61.0.3163.100 Safari/537.36"
::1 - - [07/Oct/2017:05:14:06 +0000] "GET /api/books HTTP/1.1" 200 261 "-" "Mozilla/5.0 (Macintosh; Intel Mac OS X 10_12_6) AppleWebKit/537.36 (KHTML, like Gecko) Chrome/61.0.3163.100 Safari/537.36"
::1 - - [07/Oct/2017:05:14:28 +0000] "GET /api/books HTTP/1.1" 304 - "-" "Mozilla/5.0 (Macintosh; Intel Mac OS X 10_12_6) AppleWebKit/537.36 (KHTML, like Gecko) Chrome/61.0.3163.100 Safari/537.36"
::1 - - [07/Oct/2017:05:14:34 +0000] "GET /api/books/ HTTP/1.1" 200 261 "-" "Mozilla/5.0 (Macintosh; Intel Mac OS X 10_12_6) AppleWebKit/537.36 (KHTML, like Gecko) Chrome/61.0.3163.100 Safari/537.36"
::1 - - [07/Oct/2017:05:14:38 +0000] "POST /api/books HTTP/1.1" 200 80 "-" "Mozilla/5.0 (Macintosh; Intel Mac OS X 10_12_6) AppleWebKit/537.36 (KHTML, like Gecko) Chrome/61.0.3163.100 Safari/537.36"
::1 - - [07/Oct/2017:05:14:41 +0000] "POST /api/books HTTP/1.1" 200 80 "-" "Mozilla/5.0 (Macintosh; Intel Mac OS X 10_12_6) AppleWebKit/537.36 (KHTML, like Gecko) Chrome/61.0.3163.100 Safari/537.36"
::1 - - [07/Oct/2017:05:14:43 +0000] "GET /api/books/ HTTP/1.1" 200 423 "-" "Mozilla/5.0 (Macintosh; Intel Mac OS X 10_12_6) AppleWebKit/537.36 (KHTML, like Gecko) Chrome/61.0.3163.100 Safari/537.36"
::1 - - [07/Oct/2017:05:15:21 +0000] "GET /api/books HTTP/1.1" 200 423 "-" "Mozilla/5.0 (Macintosh; Intel Mac OS X 10_12_6) AppleWebKit/537.36 (KHTML, like Gecko) Chrome/61.0.3163.100 Safari/537.36"
::1 - - [07/Oct/2017:05:15:24 +0000] "GET /api/books HTTP/1.1" 304 - "-" "Mozilla/5.0 (Macintosh; Intel Mac OS X 10_12_6) AppleWebKit/537.36 (KHTML, like Gecko) Chrome/61.0.3163.100 Safari/537.36"
::1 - - [07/Oct/2017:05:19:00 +0000] "GET / HTTP/1.1" 500 2175 "-" "Mozilla/5.0 (Macintosh; Intel Mac OS X 10_12_6) AppleWebKit/537.36 (KHTML, like Gecko) Chrome/61.0.3163.100 Safari/537.36"
::1 - - [07/Oct/2017:05:19:31 +0000] "GET / HTTP/1.1" 500 2265 "-" "Mozilla/5.0 (Macintosh; Intel Mac OS X 10_12_6) AppleWebKit/537.36 (KHTML, like Gecko) Chrome/61.0.3163.100 Safari/537.36"
::1 - - [07/Oct/2017:05:19:34 +0000] "GET / HTTP/1.1" 500 2265 "-" "Mozilla/5.0 (Macintosh; Intel Mac OS X 10_12_6) AppleWebKit/537.36 (KHTML, like Gecko) Chrome/61.0.3163.100 Safari/537.36"
::1 - - [07/Oct/2017:05:20:05 +0000] "GET / HTTP/1.1" 500 2261 "-" "Mozilla/5.0 (Macintosh; Intel Mac OS X 10_12_6) AppleWebKit/537.36 (KHTML, like Gecko) Chrome/61.0.3163.100 Safari/537.36"
::1 - - [07/Oct/2017:05:20:07 +0000] "GET / HTTP/1.1" 500 2261 "-" "Mozilla/5.0 (Macintosh; Intel Mac OS X 10_12_6) AppleWebKit/537.36 (KHTML, like Gecko) Chrome/61.0.3163.100 Safari/537.36"
::1 - - [07/Oct/2017:05:20:43 +0000] "GET / HTTP/1.1" 500 2686 "-" "Mozilla/5.0 (Macintosh; Intel Mac OS X 10_12_6) AppleWebKit/537.36 (KHTML, like Gecko) Chrome/61.0.3163.100 Safari/537.36"
::1 - - [07/Oct/2017:05:20:45 +0000] "GET / HTTP/1.1" 500 2686 "-" "Mozilla/5.0 (Macintosh; Intel Mac OS X 10_12_6) AppleWebKit/537.36 (KHTML, like Gecko) Chrome/61.0.3163.100 Safari/537.36"
::1 - - [07/Oct/2017:05:20:52 +0000] "GET /api/books HTTP/1.1" 200 978 "-" "Mozilla/5.0 (Macintosh; Intel Mac OS X 10_12_6) AppleWebKit/537.36 (KHTML, like Gecko) Chrome/61.0.3163.100 Safari/537.36"
::1 - - [07/Oct/2017:05:21:03 +0000] "GET /api/books HTTP/1.1" 304 - "-" "Mozilla/5.0 (Macintosh; Intel Mac OS X 10_12_6) AppleWebKit/537.36 (KHTML, like Gecko) Chrome/61.0.3163.100 Safari/537.36"
::1 - - [07/Oct/2017:05:21:31 +0000] "GET / HTTP/1.1" 200 123 "-" "Mozilla/5.0 (Macintosh; Intel Mac OS X 10_12_6) AppleWebKit/537.36 (KHTML, like Gecko) Chrome/61.0.3163.100 Safari/537.36"
::1 - - [07/Oct/2017:05:21:35 +0000] "GET /api/books HTTP/1.1" 304 - "-" "Mozilla/5.0 (Macintosh; Intel Mac OS X 10_12_6) AppleWebKit/537.36 (KHTML, like Gecko) Chrome/61.0.3163.100 Safari/537.36"
::1 - - [07/Oct/2017:05:21:37 +0000] "GET /api/books HTTP/1.1" 304 - "-" "Mozilla/5.0 (Macintosh; Intel Mac OS X 10_12_6) AppleWebKit/537.36 (KHTML, like Gecko) Chrome/61.0.3163.100 Safari/537.36"
::1 - - [07/Oct/2017:05:22:05 +0000] "GET /api/books HTTP/1.1" 304 - "-" "Mozilla/5.0 (Macintosh; Intel Mac OS X 10_12_6) AppleWebKit/537.36 (KHTML, like Gecko) Chrome/61.0.3163.100 Safari/537.36"
::1 - - [07/Oct/2017:05:23:24 +0000] "GET /api/books HTTP/1.1" 200 1144 "-" "Mozilla/5.0 (Macintosh; Intel Mac OS X 10_12_6) AppleWebKit/537.36 (KHTML, like Gecko) Chrome/61.0.3163.100 Safari/537.36"
::1 - - [07/Oct/2017:05:23:26 +0000] "POST /api/books HTTP/1.1" 200 62 "http://localhost:3000/api/books" "Mozilla/5.0 (Macintosh; Intel Mac OS X 10_12_6) AppleWebKit/537.36 (KHTML, like Gecko) Chrome/61.0.3163.100 Safari/537.36"
::1 - - [07/Oct/2017:05:23:29 +0000] "GET /api/books HTTP/1.1" 200 1268 "-" "Mozilla/5.0 (Macintosh; Intel Mac OS X 10_12_6) AppleWebKit/537.36 (KHTML, like Gecko) Chrome/61.0.3163.100 Safari/537.36"
::1 - - [07/Oct/2017:05:23:36 +0000] "POST /api/books HTTP/1.1" 200 69 "http://localhost:3000/api/books" "Mozilla/5.0 (Macintosh; Intel Mac OS X 10_12_6) AppleWebKit/537.36 (KHTML, like Gecko) Chrome/61.0.3163.100 Safari/537.36"
::1 - - [07/Oct/2017:05:23:40 +0000] "GET /api/books HTTP/1.1" 200 1396 "-" "Mozilla/5.0 (Macintosh; Intel Mac OS X 10_12_6) AppleWebKit/537.36 (KHTML, like Gecko) Chrome/61.0.3163.100 Safari/537.36"
::1 - - [07/Oct/2017:05:23:41 +0000] "GET /api/books HTTP/1.1" 304 - "-" "Mozilla/5.0 (Macintosh; Intel Mac OS X 10_12_6) AppleWebKit/537.36 (KHTML, like Gecko) Chrome/61.0.3163.100 Safari/537.36"
::1 - - [07/Oct/2017:05:24:39 +0000] "GET /api/books HTTP/1.1" 304 - "-" "Mozilla/5.0 (Macintosh; Intel Mac OS X 10_12_6) AppleWebKit/537.36 (KHTML, like Gecko) Chrome/61.0.3163.100 Safari/537.36"
::1 - - [07/Oct/2017:05:24:44 +0000] "POST /api/books HTTP/1.1" 200 1524 "http://localhost:3000/api/books" "Mozilla/5.0 (Macintosh; Intel Mac OS X 10_12_6) AppleWebKit/537.36 (KHTML, like Gecko) Chrome/61.0.3163.100 Safari/537.36"
::1 - - [07/Oct/2017:05:25:22 +0000] "POST /api/books HTTP/1.1" 302 64 "http://localhost:3000/api/books" "Mozilla/5.0 (Macintosh; Intel Mac OS X 10_12_6) AppleWebKit/537.36 (KHTML, like Gecko) Chrome/61.0.3163.100 Safari/537.36"
::1 - - [07/Oct/2017:05:25:22 +0000] "GET /api/books HTTP/1.1" 200 1652 "http://localhost:3000/api/books" "Mozilla/5.0 (Macintosh; Intel Mac OS X 10_12_6) AppleWebKit/537.36 (KHTML, like Gecko) Chrome/61.0.3163.100 Safari/537.36"
::1 - - [07/Oct/2017:05:25:25 +0000] "GET /api/books HTTP/1.1" 304 - "http://localhost:3000/api/books" "Mozilla/5.0 (Macintosh; Intel Mac OS X 10_12_6) AppleWebKit/537.36 (KHTML, like Gecko) Chrome/61.0.3163.100 Safari/537.36"
::1 - - [07/Oct/2017:05:25:27 +0000] "GET /api/books HTTP/1.1" 304 - "http://localhost:3000/api/books" "Mozilla/5.0 (Macintosh; Intel Mac OS X 10_12_6) AppleWebKit/537.36 (KHTML, like Gecko) Chrome/61.0.3163.100 Safari/537.36"
::1 - - [07/Oct/2017:05:25:31 +0000] "POST /api/books HTTP/1.1" 302 64 "http://localhost:3000/api/books" "Mozilla/5.0 (Macintosh; Intel Mac OS X 10_12_6) AppleWebKit/537.36 (KHTML, like Gecko) Chrome/61.0.3163.100 Safari/537.36"
::1 - - [07/Oct/2017:05:25:31 +0000] "GET /api/books HTTP/1.1" 200 1780 "http://localhost:3000/api/books" "Mozilla/5.0 (Macintosh; Intel Mac OS X 10_12_6) AppleWebKit/537.36 (KHTML, like Gecko) Chrome/61.0.3163.100 Safari/537.36"
::1 - - [07/Oct/2017:05:25:43 +0000] "GET /api/books HTTP/1.1" 304 - "http://localhost:3000/api/books" "Mozilla/5.0 (Macintosh; Intel Mac OS X 10_12_6) AppleWebKit/537.36 (KHTML, like Gecko) Chrome/61.0.3163.100 Safari/537.36"
::1 - - [07/Oct/2017:05:26:13 +0000] "GET /api/books HTTP/1.1" 200 2140 "http://localhost:3000/api/books" "Mozilla/5.0 (Macintosh; Intel Mac OS X 10_12_6) AppleWebKit/537.36 (KHTML, like Gecko) Chrome/61.0.3163.100 Safari/537.36"
::1 - - [07/Oct/2017:05:26:22 +0000] "GET /api/books HTTP/1.1" 304 - "http://localhost:3000/api/books" "Mozilla/5.0 (Macintosh; Intel Mac OS X 10_12_6) AppleWebKit/537.36 (KHTML, like Gecko) Chrome/61.0.3163.100 Safari/537.36"
::1 - - [07/Oct/2017:05:26:33 +0000] "GET /api/books HTTP/1.1" 200 2190 "http://localhost:3000/api/books" "Mozilla/5.0 (Macintosh; Intel Mac OS X 10_12_6) AppleWebKit/537.36 (KHTML, like Gecko) Chrome/61.0.3163.100 Safari/537.36"
::1 - - [07/Oct/2017:05:26:45 +0000] "GET /api/books HTTP/1.1" 200 2130 "http://localhost:3000/api/books" "Mozilla/5.0 (Macintosh; Intel Mac OS X 10_12_6) AppleWebKit/537.36 (KHTML, like Gecko) Chrome/61.0.3163.100 Safari/537.36"
::1 - - [07/Oct/2017:05:26:47 +0000] "GET /api/books/%2059d85a5ff226e607d832c300 HTTP/1.1" 404 176 "http://localhost:3000/api/books" "Mozilla/5.0 (Macintosh; Intel Mac OS X 10_12_6) AppleWebKit/537.36 (KHTML, like Gecko) Chrome/61.0.3163.100 Safari/537.36"
::1 - - [07/Oct/2017:05:26:52 +0000] "GET /api/books HTTP/1.1" 304 - "http://localhost:3000/api/books" "Mozilla/5.0 (Macintosh; Intel Mac OS X 10_12_6) AppleWebKit/537.36 (KHTML, like Gecko) Chrome/61.0.3163.100 Safari/537.36"
::1 - - [07/Oct/2017:05:26:56 +0000] "GET /api/books/%2059d861e94650a0092080f4a7 HTTP/1.1" 404 176 "http://localhost:3000/api/books" "Mozilla/5.0 (Macintosh; Intel Mac OS X 10_12_6) AppleWebKit/537.36 (KHTML, like Gecko) Chrome/61.0.3163.100 Safari/537.36"
::1 - - [07/Oct/2017:05:27:02 +0000] "GET /api/books HTTP/1.1" 200 2120 "http://localhost:3000/api/books" "Mozilla/5.0 (Macintosh; Intel Mac OS X 10_12_6) AppleWebKit/537.36 (KHTML, like Gecko) Chrome/61.0.3163.100 Safari/537.36"
::1 - - [07/Oct/2017:05:27:04 +0000] "GET /api/books/59d861e94650a0092080f4a7 HTTP/1.1" 404 173 "http://localhost:3000/api/books" "Mozilla/5.0 (Macintosh; Intel Mac OS X 10_12_6) AppleWebKit/537.36 (KHTML, like Gecko) Chrome/61.0.3163.100 Safari/537.36"
::1 - - [07/Oct/2017:05:27:08 +0000] "GET /api/books HTTP/1.1" 304 - "http://localhost:3000/api/books" "Mozilla/5.0 (Macintosh; Intel Mac OS X 10_12_6) AppleWebKit/537.36 (KHTML, like Gecko) Chrome/61.0.3163.100 Safari/537.36"
::1 - - [07/Oct/2017:05:27:10 +0000] "GET /api/books HTTP/1.1" 304 - "http://localhost:3000/api/books" "Mozilla/5.0 (Macintosh; Intel Mac OS X 10_12_6) AppleWebKit/537.36 (KHTML, like Gecko) Chrome/61.0.3163.100 Safari/537.36"
::1 - - [07/Oct/2017:05:27:37 +0000] "GET /api/books HTTP/1.1" 200 2190 "http://localhost:3000/api/books" "Mozilla/5.0 (Macintosh; Intel Mac OS X 10_12_6) AppleWebKit/537.36 (KHTML, like Gecko) Chrome/61.0.3163.100 Safari/537.36"
::1 - - [07/Oct/2017:05:27:40 +0000] "GET /api/books/delete/59d864cee9599d099751d710 HTTP/1.1" 404 180 "http://localhost:3000/api/books" "Mozilla/5.0 (Macintosh; Intel Mac OS X 10_12_6) AppleWebKit/537.36 (KHTML, like Gecko) Chrome/61.0.3163.100 Safari/537.36"
::1 - - [07/Oct/2017:05:27:44 +0000] "GET /api/books HTTP/1.1" 304 - "http://localhost:3000/api/books" "Mozilla/5.0 (Macintosh; Intel Mac OS X 10_12_6) AppleWebKit/537.36 (KHTML, like Gecko) Chrome/61.0.3163.100 Safari/537.36"
::1 - - [07/Oct/2017:05:28:08 +0000] "GET /api/books HTTP/1.1" 304 - "-" "Mozilla/5.0 (Macintosh; Intel Mac OS X 10_12_6) AppleWebKit/537.36 (KHTML, like Gecko) Chrome/61.0.3163.100 Safari/537.36"
::1 - - [07/Oct/2017:05:28:10 +0000] "GET /api/books HTTP/1.1" 304 - "-" "Mozilla/5.0 (Macintosh; Intel Mac OS X 10_12_6) AppleWebKit/537.36 (KHTML, like Gecko) Chrome/61.0.3163.100 Safari/537.36"
::1 - - [07/Oct/2017:05:28:12 +0000] "GET /api/books/delete/59d862c10ecc5309359a79b4 HTTP/1.1" 200 683 "http://localhost:3000/api/books" "Mozilla/5.0 (Macintosh; Intel Mac OS X 10_12_6) AppleWebKit/537.36 (KHTML, like Gecko) Chrome/61.0.3163.100 Safari/537.36"
::1 - - [07/Oct/2017:05:28:14 +0000] "GET /api/books HTTP/1.1" 200 2012 "-" "Mozilla/5.0 (Macintosh; Intel Mac OS X 10_12_6) AppleWebKit/537.36 (KHTML, like Gecko) Chrome/61.0.3163.100 Safari/537.36"
::1 - - [07/Oct/2017:05:28:30 +0000] "GET /api/books HTTP/1.1" 304 - "-" "Mozilla/5.0 (Macintosh; Intel Mac OS X 10_12_6) AppleWebKit/537.36 (KHTML, like Gecko) Chrome/61.0.3163.100 Safari/537.36"
::1 - - [07/Oct/2017:05:28:31 +0000] "GET /api/books/delete/59d864cee9599d099751d710 HTTP/1.1" 302 64 "http://localhost:3000/api/books" "Mozilla/5.0 (Macintosh; Intel Mac OS X 10_12_6) AppleWebKit/537.36 (KHTML, like Gecko) Chrome/61.0.3163.100 Safari/537.36"
::1 - - [07/Oct/2017:05:28:31 +0000] "GET /api/books HTTP/1.1" 200 1847 "http://localhost:3000/api/books" "Mozilla/5.0 (Macintosh; Intel Mac OS X 10_12_6) AppleWebKit/537.36 (KHTML, like Gecko) Chrome/61.0.3163.100 Safari/537.36"
::1 - - [07/Oct/2017:05:28:32 +0000] "GET /api/books/delete/59d864d8e9599d099751d711 HTTP/1.1" 302 64 "http://localhost:3000/api/books" "Mozilla/5.0 (Macintosh; Intel Mac OS X 10_12_6) AppleWebKit/537.36 (KHTML, like Gecko) Chrome/61.0.3163.100 Safari/537.36"
::1 - - [07/Oct/2017:05:28:32 +0000] "GET /api/books HTTP/1.1" 200 1678 "http://localhost:3000/api/books" "Mozilla/5.0 (Macintosh; Intel Mac OS X 10_12_6) AppleWebKit/537.36 (KHTML, like Gecko) Chrome/61.0.3163.100 Safari/537.36"
::1 - - [07/Oct/2017:05:28:33 +0000] "GET /api/books/delete/59d8651c3ac23109b9b551de HTTP/1.1" 302 64 "http://localhost:3000/api/books" "Mozilla/5.0 (Macintosh; Intel Mac OS X 10_12_6) AppleWebKit/537.36 (KHTML, like Gecko) Chrome/61.0.3163.100 Safari/537.36"
::1 - - [07/Oct/2017:05:28:33 +0000] "GET /api/books HTTP/1.1" 200 1509 "http://localhost:3000/api/books" "Mozilla/5.0 (Macintosh; Intel Mac OS X 10_12_6) AppleWebKit/537.36 (KHTML, like Gecko) Chrome/61.0.3163.100 Safari/537.36"
::1 - - [07/Oct/2017:05:28:33 +0000] "GET /api/books/delete/59d865425216de09c14dd688 HTTP/1.1" 302 64 "http://localhost:3000/api/books" "Mozilla/5.0 (Macintosh; Intel Mac OS X 10_12_6) AppleWebKit/537.36 (KHTML, like Gecko) Chrome/61.0.3163.100 Safari/537.36"
::1 - - [07/Oct/2017:05:28:33 +0000] "GET /api/books HTTP/1.1" 200 1340 "http://localhost:3000/api/books" "Mozilla/5.0 (Macintosh; Intel Mac OS X 10_12_6) AppleWebKit/537.36 (KHTML, like Gecko) Chrome/61.0.3163.100 Safari/537.36"
::1 - - [07/Oct/2017:05:28:34 +0000] "GET /api/books/delete/59d8654b5216de09c14dd689 HTTP/1.1" 302 64 "http://localhost:3000/api/books" "Mozilla/5.0 (Macintosh; Intel Mac OS X 10_12_6) AppleWebKit/537.36 (KHTML, like Gecko) Chrome/61.0.3163.100 Safari/537.36"
::1 - - [07/Oct/2017:05:28:34 +0000] "GET /api/books HTTP/1.1" 200 1171 "http://localhost:3000/api/books" "Mozilla/5.0 (Macintosh; Intel Mac OS X 10_12_6) AppleWebKit/537.36 (KHTML, like Gecko) Chrome/61.0.3163.100 Safari/537.36"
::1 - - [07/Oct/2017:05:28:34 +0000] "GET /api/books/delete/59d862be0ecc5309359a79b3 HTTP/1.1" 302 64 "http://localhost:3000/api/books" "Mozilla/5.0 (Macintosh; Intel Mac OS X 10_12_6) AppleWebKit/537.36 (KHTML, like Gecko) Chrome/61.0.3163.100 Safari/537.36"
::1 - - [07/Oct/2017:05:28:34 +0000] "GET /api/books HTTP/1.1" 200 993 "http://localhost:3000/api/books" "Mozilla/5.0 (Macintosh; Intel Mac OS X 10_12_6) AppleWebKit/537.36 (KHTML, like Gecko) Chrome/61.0.3163.100 Safari/537.36"
::1 - - [07/Oct/2017:05:28:35 +0000] "GET /api/books/delete/59d861e94650a0092080f4a7 HTTP/1.1" 302 64 "http://localhost:3000/api/books" "Mozilla/5.0 (Macintosh; Intel Mac OS X 10_12_6) AppleWebKit/537.36 (KHTML, like Gecko) Chrome/61.0.3163.100 Safari/537.36"
::1 - - [07/Oct/2017:05:28:35 +0000] "GET /api/books HTTP/1.1" 200 815 "http://localhost:3000/api/books" "Mozilla/5.0 (Macintosh; Intel Mac OS X 10_12_6) AppleWebKit/537.36 (KHTML, like Gecko) Chrome/61.0.3163.100 Safari/537.36"
::1 - - [07/Oct/2017:05:28:36 +0000] "GET /api/books/delete/59d85a755b82a607dfb488e8 HTTP/1.1" 302 64 "http://localhost:3000/api/books" "Mozilla/5.0 (Macintosh; Intel Mac OS X 10_12_6) AppleWebKit/537.36 (KHTML, like Gecko) Chrome/61.0.3163.100 Safari/537.36"
::1 - - [07/Oct/2017:05:28:36 +0000] "GET /api/books HTTP/1.1" 200 629 "http://localhost:3000/api/books" "Mozilla/5.0 (Macintosh; Intel Mac OS X 10_12_6) AppleWebKit/537.36 (KHTML, like Gecko) Chrome/61.0.3163.100 Safari/537.36"
::1 - - [07/Oct/2017:05:28:36 +0000] "GET /api/books/delete/59d85a5ff226e607d832c300 HTTP/1.1" 302 64 "http://localhost:3000/api/books" "Mozilla/5.0 (Macintosh; Intel Mac OS X 10_12_6) AppleWebKit/537.36 (KHTML, like Gecko) Chrome/61.0.3163.100 Safari/537.36"
::1 - - [07/Oct/2017:05:28:36 +0000] "GET /api/books HTTP/1.1" 200 442 "http://localhost:3000/api/books" "Mozilla/5.0 (Macintosh; Intel Mac OS X 10_12_6) AppleWebKit/537.36 (KHTML, like Gecko) Chrome/61.0.3163.100 Safari/537.36"
::1 - - [07/Oct/2017:05:28:43 +0000] "POST /api/books HTTP/1.1" 302 64 "http://localhost:3000/api/books" "Mozilla/5.0 (Macintosh; Intel Mac OS X 10_12_6) AppleWebKit/537.36 (KHTML, like Gecko) Chrome/61.0.3163.100 Safari/537.36"
::1 - - [07/Oct/2017:05:28:43 +0000] "GET /api/books HTTP/1.1" 200 613 "http://localhost:3000/api/books" "Mozilla/5.0 (Macintosh; Intel Mac OS X 10_12_6) AppleWebKit/537.36 (KHTML, like Gecko) Chrome/61.0.3163.100 Safari/537.36"
::1 - - [07/Oct/2017:05:28:53 +0000] "POST /api/books HTTP/1.1" 302 64 "http://localhost:3000/api/books" "Mozilla/5.0 (Macintosh; Intel Mac OS X 10_12_6) AppleWebKit/537.36 (KHTML, like Gecko) Chrome/61.0.3163.100 Safari/537.36"
::1 - - [07/Oct/2017:05:28:53 +0000] "GET /api/books HTTP/1.1" 200 783 "http://localhost:3000/api/books" "Mozilla/5.0 (Macintosh; Intel Mac OS X 10_12_6) AppleWebKit/537.36 (KHTML, like Gecko) Chrome/61.0.3163.100 Safari/537.36"
::1 - - [07/Oct/2017:05:29:07 +0000] "GET /api/books HTTP/1.1" 200 790 "http://localhost:3000/api/books" "Mozilla/5.0 (Macintosh; Intel Mac OS X 10_12_6) AppleWebKit/537.36 (KHTML, like Gecko) Chrome/61.0.3163.100 Safari/537.36"
::1 - - [07/Oct/2017:05:29:10 +0000] "GET /api/books/delete/59d866159174d909e8e43e0b HTTP/1.1" 302 64 "http://localhost:3000/api/books" "Mozilla/5.0 (Macintosh; Intel Mac OS X 10_12_6) AppleWebKit/537.36 (KHTML, like Gecko) Chrome/61.0.3163.100 Safari/537.36"
::1 - - [07/Oct/2017:05:29:10 +0000] "GET /api/books HTTP/1.1" 200 618 "http://localhost:3000/api/books" "Mozilla/5.0 (Macintosh; Intel Mac OS X 10_12_6) AppleWebKit/537.36 (KHTML, like Gecko) Chrome/61.0.3163.100 Safari/537.36"
::1 - - [07/Oct/2017:05:29:11 +0000] "GET /api/books/delete/59d8660b9174d909e8e43e0a HTTP/1.1" 302 64 "http://localhost:3000/api/books" "Mozilla/5.0 (Macintosh; Intel Mac OS X 10_12_6) AppleWebKit/537.36 (KHTML, like Gecko) Chrome/61.0.3163.100 Safari/537.36"
::1 - - [07/Oct/2017:05:29:11 +0000] "GET /api/books HTTP/1.1" 200 442 "http://localhost:3000/api/books" "Mozilla/5.0 (Macintosh; Intel Mac OS X 10_12_6) AppleWebKit/537.36 (KHTML, like Gecko) Chrome/61.0.3163.100 Safari/537.36"
::1 - - [07/Oct/2017:05:29:19 +0000] "POST /api/books HTTP/1.1" 302 64 "http://localhost:3000/api/books" "Mozilla/5.0 (Macintosh; Intel Mac OS X 10_12_6) AppleWebKit/537.36 (KHTML, like Gecko) Chrome/61.0.3163.100 Safari/537.36"
::1 - - [07/Oct/2017:05:29:19 +0000] "GET /api/books HTTP/1.1" 200 625 "http://localhost:3000/api/books" "Mozilla/5.0 (Macintosh; Intel Mac OS X 10_12_6) AppleWebKit/537.36 (KHTML, like Gecko) Chrome/61.0.3163.100 Safari/537.36"
::1 - - [07/Oct/2017:05:29:25 +0000] "POST /api/books HTTP/1.1" 302 64 "http://localhost:3000/api/books" "Mozilla/5.0 (Macintosh; Intel Mac OS X 10_12_6) AppleWebKit/537.36 (KHTML, like Gecko) Chrome/61.0.3163.100 Safari/537.36"
::1 - - [07/Oct/2017:05:29:25 +0000] "GET /api/books HTTP/1.1" 200 798 "http://localhost:3000/api/books" "Mozilla/5.0 (Macintosh; Intel Mac OS X 10_12_6) AppleWebKit/537.36 (KHTML, like Gecko) Chrome/61.0.3163.100 Safari/537.36"
::1 - - [07/Oct/2017:05:31:19 +0000] "GET /api/books HTTP/1.1" 304 - "http://localhost:3000/api/books" "Mozilla/5.0 (Macintosh; Intel Mac OS X 10_12_6) AppleWebKit/537.36 (KHTML, like Gecko) Chrome/61.0.3163.100 Safari/537.36"
::1 - - [07/Oct/2017:05:32:27 +0000] "GET /api/books HTTP/1.1" 200 904 "http://localhost:3000/api/books" "Mozilla/5.0 (Macintosh; Intel Mac OS X 10_12_6) AppleWebKit/537.36 (KHTML, like Gecko) Chrome/61.0.3163.100 Safari/537.36"
::1 - - [07/Oct/2017:05:32:29 +0000] "GET /api/books/59d8662f9174d909e8e43e0c/edit HTTP/1.1" 500 2177 "http://localhost:3000/api/books" "Mozilla/5.0 (Macintosh; Intel Mac OS X 10_12_6) AppleWebKit/537.36 (KHTML, like Gecko) Chrome/61.0.3163.100 Safari/537.36"
::1 - - [07/Oct/2017:05:32:32 +0000] "GET /api/books HTTP/1.1" 304 - "http://localhost:3000/api/books" "Mozilla/5.0 (Macintosh; Intel Mac OS X 10_12_6) AppleWebKit/537.36 (KHTML, like Gecko) Chrome/61.0.3163.100 Safari/537.36"
::1 - - [07/Oct/2017:05:33:04 +0000] "GET /api/books HTTP/1.1" 200 902 "http://localhost:3000/api/books" "Mozilla/5.0 (Macintosh; Intel Mac OS X 10_12_6) AppleWebKit/537.36 (KHTML, like Gecko) Chrome/61.0.3163.100 Safari/537.36"
::1 - - [07/Oct/2017:05:33:05 +0000] "GET /api/books/59d8662f9174d909e8e43e0c/edit HTTP/1.1" 200 307 "http://localhost:3000/api/books" "Mozilla/5.0 (Macintosh; Intel Mac OS X 10_12_6) AppleWebKit/537.36 (KHTML, like Gecko) Chrome/61.0.3163.100 Safari/537.36"
::1 - - [07/Oct/2017:05:33:35 +0000] "GET /api/books/59d8662f9174d909e8e43e0c/edit HTTP/1.1" 200 343 "http://localhost:3000/api/books" "Mozilla/5.0 (Macintosh; Intel Mac OS X 10_12_6) AppleWebKit/537.36 (KHTML, like Gecko) Chrome/61.0.3163.100 Safari/537.36"
::1 - - [07/Oct/2017:05:33:44 +0000] "GET /api/books/59d8662f9174d909e8e43e0c/edit HTTP/1.1" 200 343 "http://localhost:3000/api/books" "Mozilla/5.0 (Macintosh; Intel Mac OS X 10_12_6) AppleWebKit/537.36 (KHTML, like Gecko) Chrome/61.0.3163.100 Safari/537.36"
::1 - - [07/Oct/2017:05:33:48 +0000] "GET /api/books/59d8662f9174d909e8e43e0c/edit HTTP/1.1" 304 - "http://localhost:3000/api/books" "Mozilla/5.0 (Macintosh; Intel Mac OS X 10_12_6) AppleWebKit/537.36 (KHTML, like Gecko) Chrome/61.0.3163.100 Safari/537.36"
::1 - - [07/Oct/2017:05:34:14 +0000] "GET /api/books/59d8662f9174d909e8e43e0c/edit HTTP/1.1" 200 344 "http://localhost:3000/api/books" "Mozilla/5.0 (Macintosh; Intel Mac OS X 10_12_6) AppleWebKit/537.36 (KHTML, like Gecko) Chrome/61.0.3163.100 Safari/537.36"
::1 - - [07/Oct/2017:05:34:17 +0000] "POST /api/books/ HTTP/1.1" 302 64 "http://localhost:3000/api/books/59d8662f9174d909e8e43e0c/edit" "Mozilla/5.0 (Macintosh; Intel Mac OS X 10_12_6) AppleWebKit/537.36 (KHTML, like Gecko) Chrome/61.0.3163.100 Safari/537.36"
::1 - - [07/Oct/2017:05:34:17 +0000] "GET /api/books HTTP/1.1" 200 1138 "http://localhost:3000/api/books/59d8662f9174d909e8e43e0c/edit" "Mozilla/5.0 (Macintosh; Intel Mac OS X 10_12_6) AppleWebKit/537.36 (KHTML, like Gecko) Chrome/61.0.3163.100 Safari/537.36"
::1 - - [07/Oct/2017:05:34:21 +0000] "GET /api/books/59d8675933dccb0a1f4c77fa/edit HTTP/1.1" 200 344 "http://localhost:3000/api/books" "Mozilla/5.0 (Macintosh; Intel Mac OS X 10_12_6) AppleWebKit/537.36 (KHTML, like Gecko) Chrome/61.0.3163.100 Safari/537.36"
::1 - - [07/Oct/2017:05:35:10 +0000] "GET /api/books/59d8675933dccb0a1f4c77fa/edit HTTP/1.1" 200 368 "http://localhost:3000/api/books" "Mozilla/5.0 (Macintosh; Intel Mac OS X 10_12_6) AppleWebKit/537.36 (KHTML, like Gecko) Chrome/61.0.3163.100 Safari/537.36"
::1 - - [07/Oct/2017:05:35:13 +0000] "GET /api/books HTTP/1.1" 304 - "-" "Mozilla/5.0 (Macintosh; Intel Mac OS X 10_12_6) AppleWebKit/537.36 (KHTML, like Gecko) Chrome/61.0.3163.100 Safari/537.36"
::1 - - [07/Oct/2017:05:35:15 +0000] "GET /api/books/59d8662f9174d909e8e43e0c/edit HTTP/1.1" 200 368 "http://localhost:3000/api/books" "Mozilla/5.0 (Macintosh; Intel Mac OS X 10_12_6) AppleWebKit/537.36 (KHTML, like Gecko) Chrome/61.0.3163.100 Safari/537.36"
::1 - - [07/Oct/2017:05:35:16 +0000] "POST /api/books/59d8662f9174d909e8e43e0c HTTP/1.1" 200 80 "http://localhost:3000/api/books/59d8662f9174d909e8e43e0c/edit" "Mozilla/5.0 (Macintosh; Intel Mac OS X 10_12_6) AppleWebKit/537.36 (KHTML, like Gecko) Chrome/61.0.3163.100 Safari/537.36"
::1 - - [07/Oct/2017:05:35:39 +0000] "GET /api/books/59d8662f9174d909e8e43e0c/edit HTTP/1.1" 304 - "http://localhost:3000/api/books" "Mozilla/5.0 (Macintosh; Intel Mac OS X 10_12_6) AppleWebKit/537.36 (KHTML, like Gecko) Chrome/61.0.3163.100 Safari/537.36"
::1 - - [07/Oct/2017:05:35:43 +0000] "GET /api/books/ HTTP/1.1" 200 1138 "-" "Mozilla/5.0 (Macintosh; Intel Mac OS X 10_12_6) AppleWebKit/537.36 (KHTML, like Gecko) Chrome/61.0.3163.100 Safari/537.36"
::1 - - [07/Oct/2017:05:35:45 +0000] "GET /api/books/ HTTP/1.1" 304 - "-" "Mozilla/5.0 (Macintosh; Intel Mac OS X 10_12_6) AppleWebKit/537.36 (KHTML, like Gecko) Chrome/61.0.3163.100 Safari/537.36"
::1 - - [07/Oct/2017:05:35:46 +0000] "GET /api/books/59d8675933dccb0a1f4c77fa/edit HTTP/1.1" 304 - "http://localhost:3000/api/books/" "Mozilla/5.0 (Macintosh; Intel Mac OS X 10_12_6) AppleWebKit/537.36 (KHTML, like Gecko) Chrome/61.0.3163.100 Safari/537.36"
::1 - - [07/Oct/2017:05:35:49 +0000] "POST /api/books/59d8675933dccb0a1f4c77fa HTTP/1.1" 302 64 "http://localhost:3000/api/books/59d8675933dccb0a1f4c77fa/edit" "Mozilla/5.0 (Macintosh; Intel Mac OS X 10_12_6) AppleWebKit/537.36 (KHTML, like Gecko) Chrome/61.0.3163.100 Safari/537.36"
::1 - - [07/Oct/2017:05:35:49 +0000] "GET /api/books HTTP/1.1" 200 1146 "http://localhost:3000/api/books/59d8675933dccb0a1f4c77fa/edit" "Mozilla/5.0 (Macintosh; Intel Mac OS X 10_12_6) AppleWebKit/537.36 (KHTML, like Gecko) Chrome/61.0.3163.100 Safari/537.36"
::1 - - [07/Oct/2017:05:35:51 +0000] "GET /api/books/59d8675933dccb0a1f4c77fa/edit HTTP/1.1" 200 376 "http://localhost:3000/api/books" "Mozilla/5.0 (Macintosh; Intel Mac OS X 10_12_6) AppleWebKit/537.36 (KHTML, like Gecko) Chrome/61.0.3163.100 Safari/537.36"
::1 - - [07/Oct/2017:05:35:54 +0000] "POST /api/books/59d8675933dccb0a1f4c77fa HTTP/1.1" 302 64 "http://localhost:3000/api/books/59d8675933dccb0a1f4c77fa/edit" "Mozilla/5.0 (Macintosh; Intel Mac OS X 10_12_6) AppleWebKit/537.36 (KHTML, like Gecko) Chrome/61.0.3163.100 Safari/537.36"
::1 - - [07/Oct/2017:05:35:54 +0000] "GET /api/books HTTP/1.1" 200 1151 "http://localhost:3000/api/books/59d8675933dccb0a1f4c77fa/edit" "Mozilla/5.0 (Macintosh; Intel Mac OS X 10_12_6) AppleWebKit/537.36 (KHTML, like Gecko) Chrome/61.0.3163.100 Safari/537.36"
::1 - - [07/Oct/2017:05:35:57 +0000] "GET /api/books/delete/59d8675933dccb0a1f4c77fa HTTP/1.1" 302 64 "http://localhost:3000/api/books" "Mozilla/5.0 (Macintosh; Intel Mac OS X 10_12_6) AppleWebKit/537.36 (KHTML, like Gecko) Chrome/61.0.3163.100 Safari/537.36"
::1 - - [07/Oct/2017:05:35:57 +0000] "GET /api/books HTTP/1.1" 200 902 "http://localhost:3000/api/books" "Mozilla/5.0 (Macintosh; Intel Mac OS X 10_12_6) AppleWebKit/537.36 (KHTML, like Gecko) Chrome/61.0.3163.100 Safari/537.36"
::1 - - [07/Oct/2017:05:36:50 +0000] "GET / HTTP/1.1" 304 - "-" "Mozilla/5.0 (Macintosh; Intel Mac OS X 10_12_6) AppleWebKit/537.36 (KHTML, like Gecko) Chrome/61.0.3163.100 Safari/537.36"
::1 - - [07/Oct/2017:05:37:16 +0000] "GET / HTTP/1.1" 200 154 "-" "Mozilla/5.0 (Macintosh; Intel Mac OS X 10_12_6) AppleWebKit/537.36 (KHTML, like Gecko) Chrome/61.0.3163.100 Safari/537.36"
::1 - - [07/Oct/2017:05:37:17 +0000] "GET /api/books HTTP/1.1" 304 - "http://localhost:3000/" "Mozilla/5.0 (Macintosh; Intel Mac OS X 10_12_6) AppleWebKit/537.36 (KHTML, like Gecko) Chrome/61.0.3163.100 Safari/537.36"
::1 - - [07/Oct/2017:05:37:22 +0000] "GET /api/books HTTP/1.1" 304 - "http://localhost:3000/" "Mozilla/5.0 (Macintosh; Intel Mac OS X 10_12_6) AppleWebKit/537.36 (KHTML, like Gecko) Chrome/61.0.3163.100 Safari/537.36"
::1 - - [07/Oct/2017:05:38:01 +0000] "GET /api/books HTTP/1.1" 304 - "http://localhost:3000/" "Mozilla/5.0 (Macintosh; Intel Mac OS X 10_12_6) AppleWebKit/537.36 (KHTML, like Gecko) Chrome/61.0.3163.100 Safari/537.36"
::1 - - [07/Oct/2017:05:38:47 +0000] "GET /api/books HTTP/1.1" 304 - "http://localhost:3000/" "Mozilla/5.0 (Macintosh; Intel Mac OS X 10_12_6) AppleWebKit/537.36 (KHTML, like Gecko) Chrome/61.0.3163.100 Safari/537.36"
::1 - - [07/Oct/2017:05:40:55 +0000] "GET /api/books HTTP/1.1" 304 - "http://localhost:3000/" "Mozilla/5.0 (Macintosh; Intel Mac OS X 10_12_6) AppleWebKit/537.36 (KHTML, like Gecko) Chrome/61.0.3163.100 Safari/537.36"
::1 - - [07/Oct/2017:05:42:29 +0000] "GET /api/books HTTP/1.1" 200 959 "http://localhost:3000/" "Mozilla/5.0 (Macintosh; Intel Mac OS X 10_12_6) AppleWebKit/537.36 (KHTML, like Gecko) Chrome/61.0.3163.100 Safari/537.36"
::1 - - [07/Oct/2017:05:42:29 +0000] "GET /resources/styles.css HTTP/1.1" 404 159 "http://localhost:3000/api/books" "Mozilla/5.0 (Macintosh; Intel Mac OS X 10_12_6) AppleWebKit/537.36 (KHTML, like Gecko) Chrome/61.0.3163.100 Safari/537.36"
::1 - - [07/Oct/2017:05:42:31 +0000] "GET /api/books HTTP/1.1" 304 - "http://localhost:3000/" "Mozilla/5.0 (Macintosh; Intel Mac OS X 10_12_6) AppleWebKit/537.36 (KHTML, like Gecko) Chrome/61.0.3163.100 Safari/537.36"
::1 - - [07/Oct/2017:05:42:31 +0000] "GET /resources/styles.css HTTP/1.1" 404 159 "http://localhost:3000/api/books" "Mozilla/5.0 (Macintosh; Intel Mac OS X 10_12_6) AppleWebKit/537.36 (KHTML, like Gecko) Chrome/61.0.3163.100 Safari/537.36"
::1 - - [07/Oct/2017:05:42:37 +0000] "GET /resources/styles.css HTTP/1.1" 404 159 "-" "Mozilla/5.0 (Macintosh; Intel Mac OS X 10_12_6) AppleWebKit/537.36 (KHTML, like Gecko) Chrome/61.0.3163.100 Safari/537.36"
::1 - - [07/Oct/2017:05:42:45 +0000] "GET /resources/styles.css HTTP/1.1" 404 159 "-" "Mozilla/5.0 (Macintosh; Intel Mac OS X 10_12_6) AppleWebKit/537.36 (KHTML, like Gecko) Chrome/61.0.3163.100 Safari/537.36"
::1 - - [07/Oct/2017:05:43:04 +0000] "GET /resources/styles.css HTTP/1.1" 404 159 "-" "Mozilla/5.0 (Macintosh; Intel Mac OS X 10_12_6) AppleWebKit/537.36 (KHTML, like Gecko) Chrome/61.0.3163.100 Safari/537.36"
::1 - - [07/Oct/2017:05:43:08 +0000] "GET /api/books HTTP/1.1" 200 963 "http://localhost:3000/" "Mozilla/5.0 (Macintosh; Intel Mac OS X 10_12_6) AppleWebKit/537.36 (KHTML, like Gecko) Chrome/61.0.3163.100 Safari/537.36"
::1 - - [07/Oct/2017:05:43:09 +0000] "GET /api/resources/styles.css HTTP/1.1" 200 29 "-" "Mozilla/5.0 (Macintosh; Intel Mac OS X 10_12_6) AppleWebKit/537.36 (KHTML, like Gecko) Chrome/61.0.3163.100 Safari/537.36"
::1 - - [07/Oct/2017:05:43:17 +0000] "GET /api/books HTTP/1.1" 304 - "http://localhost:3000/" "Mozilla/5.0 (Macintosh; Intel Mac OS X 10_12_6) AppleWebKit/537.36 (KHTML, like Gecko) Chrome/61.0.3163.100 Safari/537.36"
::1 - - [07/Oct/2017:05:43:17 +0000] "GET /api/resources/styles.css HTTP/1.1" 304 - "http://localhost:3000/api/books" "Mozilla/5.0 (Macintosh; Intel Mac OS X 10_12_6) AppleWebKit/537.36 (KHTML, like Gecko) Chrome/61.0.3163.100 Safari/537.36"
::1 - - [07/Oct/2017:05:43:39 +0000] "GET /api/books HTTP/1.1" 304 - "http://localhost:3000/" "Mozilla/5.0 (Macintosh; Intel Mac OS X 10_12_6) AppleWebKit/537.36 (KHTML, like Gecko) Chrome/61.0.3163.100 Safari/537.36"
::1 - - [07/Oct/2017:05:43:39 +0000] "GET /api/resources/styles.css HTTP/1.1" 200 38 "http://localhost:3000/api/books" "Mozilla/5.0 (Macintosh; Intel Mac OS X 10_12_6) AppleWebKit/537.36 (KHTML, like Gecko) Chrome/61.0.3163.100 Safari/537.36"
::1 - - [07/Oct/2017:05:44:00 +0000] "GET /api/books HTTP/1.1" 304 - "http://localhost:3000/" "Mozilla/5.0 (Macintosh; Intel Mac OS X 10_12_6) AppleWebKit/537.36 (KHTML, like Gecko) Chrome/61.0.3163.100 Safari/537.36"
::1 - - [07/Oct/2017:05:44:00 +0000] "GET /api/resources/styles.css HTTP/1.1" 200 72 "http://localhost:3000/api/books" "Mozilla/5.0 (Macintosh; Intel Mac OS X 10_12_6) AppleWebKit/537.36 (KHTML, like Gecko) Chrome/61.0.3163.100 Safari/537.36"
::1 - - [07/Oct/2017:05:44:13 +0000] "GET /api/books HTTP/1.1" 304 - "http://localhost:3000/" "Mozilla/5.0 (Macintosh; Intel Mac OS X 10_12_6) AppleWebKit/537.36 (KHTML, like Gecko) Chrome/61.0.3163.100 Safari/537.36"
::1 - - [07/Oct/2017:05:44:13 +0000] "GET /api/resources/styles.css HTTP/1.1" 200 110 "http://localhost:3000/api/books" "Mozilla/5.0 (Macintosh; Intel Mac OS X 10_12_6) AppleWebKit/537.36 (KHTML, like Gecko) Chrome/61.0.3163.100 Safari/537.36"
::1 - - [07/Oct/2017:05:44:28 +0000] "GET /api/books HTTP/1.1" 304 - "http://localhost:3000/" "Mozilla/5.0 (Macintosh; Intel Mac OS X 10_12_6) AppleWebKit/537.36 (KHTML, like Gecko) Chrome/61.0.3163.100 Safari/537.36"
::1 - - [07/Oct/2017:05:44:28 +0000] "GET /api/resources/styles.css HTTP/1.1" 200 134 "http://localhost:3000/api/books" "Mozilla/5.0 (Macintosh; Intel Mac OS X 10_12_6) AppleWebKit/537.36 (KHTML, like Gecko) Chrome/61.0.3163.100 Safari/537.36"
::1 - - [07/Oct/2017:05:44:38 +0000] "GET /api/books HTTP/1.1" 200 957 "http://localhost:3000/" "Mozilla/5.0 (Macintosh; Intel Mac OS X 10_12_6) AppleWebKit/537.36 (KHTML, like Gecko) Chrome/61.0.3163.100 Safari/537.36"
::1 - - [07/Oct/2017:05:44:38 +0000] "GET /api/resources/styles.css HTTP/1.1" 304 - "http://localhost:3000/api/books" "Mozilla/5.0 (Macintosh; Intel Mac OS X 10_12_6) AppleWebKit/537.36 (KHTML, like Gecko) Chrome/61.0.3163.100 Safari/537.36"
::1 - - [07/Oct/2017:05:45:22 +0000] "GET /api/books HTTP/1.1" 304 - "http://localhost:3000/" "Mozilla/5.0 (Macintosh; Intel Mac OS X 10_12_6) AppleWebKit/537.36 (KHTML, like Gecko) Chrome/61.0.3163.100 Safari/537.36"
::1 - - [07/Oct/2017:05:45:22 +0000] "GET /api/resources/styles.css HTTP/1.1" 200 217 "http://localhost:3000/api/books" "Mozilla/5.0 (Macintosh; Intel Mac OS X 10_12_6) AppleWebKit/537.36 (KHTML, like Gecko) Chrome/61.0.3163.100 Safari/537.36"
::1 - - [07/Oct/2017:05:45:48 +0000] "GET /api/books HTTP/1.1" 304 - "http://localhost:3000/" "Mozilla/5.0 (Macintosh; Intel Mac OS X 10_12_6) AppleWebKit/537.36 (KHTML, like Gecko) Chrome/61.0.3163.100 Safari/537.36"
::1 - - [07/Oct/2017:05:45:48 +0000] "GET /api/resources/styles.css HTTP/1.1" 200 255 "http://localhost:3000/api/books" "Mozilla/5.0 (Macintosh; Intel Mac OS X 10_12_6) AppleWebKit/537.36 (KHTML, like Gecko) Chrome/61.0.3163.100 Safari/537.36"
::1 - - [07/Oct/2017:05:46:10 +0000] "GET /api/books HTTP/1.1" 304 - "http://localhost:3000/" "Mozilla/5.0 (Macintosh; Intel Mac OS X 10_12_6) AppleWebKit/537.36 (KHTML, like Gecko) Chrome/61.0.3163.100 Safari/537.36"
::1 - - [07/Oct/2017:05:46:10 +0000] "GET /api/resources/styles.css HTTP/1.1" 200 284 "http://localhost:3000/api/books" "Mozilla/5.0 (Macintosh; Intel Mac OS X 10_12_6) AppleWebKit/537.36 (KHTML, like Gecko) Chrome/61.0.3163.100 Safari/537.36"
::1 - - [07/Oct/2017:05:46:11 +0000] "GET /api/books HTTP/1.1" 304 - "http://localhost:3000/" "Mozilla/5.0 (Macintosh; Intel Mac OS X 10_12_6) AppleWebKit/537.36 (KHTML, like Gecko) Chrome/61.0.3163.100 Safari/537.36"
::1 - - [07/Oct/2017:05:46:11 +0000] "GET /api/resources/styles.css HTTP/1.1" 304 - "http://localhost:3000/api/books" "Mozilla/5.0 (Macintosh; Intel Mac OS X 10_12_6) AppleWebKit/537.36 (KHTML, like Gecko) Chrome/61.0.3163.100 Safari/537.36"
::1 - - [07/Oct/2017:05:46:23 +0000] "GET /api/books HTTP/1.1" 304 - "http://localhost:3000/" "Mozilla/5.0 (Macintosh; Intel Mac OS X 10_12_6) AppleWebKit/537.36 (KHTML, like Gecko) Chrome/61.0.3163.100 Safari/537.36"
::1 - - [07/Oct/2017:05:46:23 +0000] "GET /api/resources/styles.css HTTP/1.1" 200 299 "http://localhost:3000/api/books" "Mozilla/5.0 (Macintosh; Intel Mac OS X 10_12_6) AppleWebKit/537.36 (KHTML, like Gecko) Chrome/61.0.3163.100 Safari/537.36"
::1 - - [07/Oct/2017:05:46:31 +0000] "GET /api/books HTTP/1.1" 304 - "http://localhost:3000/" "Mozilla/5.0 (Macintosh; Intel Mac OS X 10_12_6) AppleWebKit/537.36 (KHTML, like Gecko) Chrome/61.0.3163.100 Safari/537.36"
::1 - - [07/Oct/2017:05:46:31 +0000] "GET /api/resources/styles.css HTTP/1.1" 200 300 "http://localhost:3000/api/books" "Mozilla/5.0 (Macintosh; Intel Mac OS X 10_12_6) AppleWebKit/537.36 (KHTML, like Gecko) Chrome/61.0.3163.100 Safari/537.36"
::1 - - [07/Oct/2017:05:46:58 +0000] "GET /api/books HTTP/1.1" 304 - "http://localhost:3000/" "Mozilla/5.0 (Macintosh; Intel Mac OS X 10_12_6) AppleWebKit/537.36 (KHTML, like Gecko) Chrome/61.0.3163.100 Safari/537.36"
::1 - - [07/Oct/2017:05:46:58 +0000] "GET /api/resources/styles.css HTTP/1.1" 200 325 "http://localhost:3000/api/books" "Mozilla/5.0 (Macintosh; Intel Mac OS X 10_12_6) AppleWebKit/537.36 (KHTML, like Gecko) Chrome/61.0.3163.100 Safari/537.36"
::1 - - [07/Oct/2017:05:47:04 +0000] "GET /api/books HTTP/1.1" 304 - "http://localhost:3000/" "Mozilla/5.0 (Macintosh; Intel Mac OS X 10_12_6) AppleWebKit/537.36 (KHTML, like Gecko) Chrome/61.0.3163.100 Safari/537.36"
::1 - - [07/Oct/2017:05:47:04 +0000] "GET /api/resources/styles.css HTTP/1.1" 200 325 "http://localhost:3000/api/books" "Mozilla/5.0 (Macintosh; Intel Mac OS X 10_12_6) AppleWebKit/537.36 (KHTML, like Gecko) Chrome/61.0.3163.100 Safari/537.36"
::1 - - [07/Oct/2017:05:47:15 +0000] "GET /api/books HTTP/1.1" 304 - "http://localhost:3000/" "Mozilla/5.0 (Macintosh; Intel Mac OS X 10_12_6) AppleWebKit/537.36 (KHTML, like Gecko) Chrome/61.0.3163.100 Safari/537.36"
::1 - - [07/Oct/2017:05:47:15 +0000] "GET /api/resources/styles.css HTTP/1.1" 200 300 "http://localhost:3000/api/books" "Mozilla/5.0 (Macintosh; Intel Mac OS X 10_12_6) AppleWebKit/537.36 (KHTML, like Gecko) Chrome/61.0.3163.100 Safari/537.36"
::1 - - [07/Oct/2017:05:47:34 +0000] "GET /api/books HTTP/1.1" 304 - "http://localhost:3000/" "Mozilla/5.0 (Macintosh; Intel Mac OS X 10_12_6) AppleWebKit/537.36 (KHTML, like Gecko) Chrome/61.0.3163.100 Safari/537.36"
::1 - - [07/Oct/2017:05:47:34 +0000] "GET /api/resources/styles.css HTTP/1.1" 200 331 "http://localhost:3000/api/books" "Mozilla/5.0 (Macintosh; Intel Mac OS X 10_12_6) AppleWebKit/537.36 (KHTML, like Gecko) Chrome/61.0.3163.100 Safari/537.36"
::1 - - [07/Oct/2017:05:47:46 +0000] "GET /api/books HTTP/1.1" 304 - "http://localhost:3000/" "Mozilla/5.0 (Macintosh; Intel Mac OS X 10_12_6) AppleWebKit/537.36 (KHTML, like Gecko) Chrome/61.0.3163.100 Safari/537.36"
::1 - - [07/Oct/2017:05:47:46 +0000] "GET /api/resources/styles.css HTTP/1.1" 200 348 "http://localhost:3000/api/books" "Mozilla/5.0 (Macintosh; Intel Mac OS X 10_12_6) AppleWebKit/537.36 (KHTML, like Gecko) Chrome/61.0.3163.100 Safari/537.36"
::1 - - [07/Oct/2017:05:47:54 +0000] "GET /api/books HTTP/1.1" 304 - "http://localhost:3000/" "Mozilla/5.0 (Macintosh; Intel Mac OS X 10_12_6) AppleWebKit/537.36 (KHTML, like Gecko) Chrome/61.0.3163.100 Safari/537.36"
::1 - - [07/Oct/2017:05:47:54 +0000] "GET /api/resources/styles.css HTTP/1.1" 200 348 "http://localhost:3000/api/books" "Mozilla/5.0 (Macintosh; Intel Mac OS X 10_12_6) AppleWebKit/537.36 (KHTML, like Gecko) Chrome/61.0.3163.100 Safari/537.36"
::1 - - [07/Oct/2017:05:48:14 +0000] "GET /api/books HTTP/1.1" 304 - "http://localhost:3000/" "Mozilla/5.0 (Macintosh; Intel Mac OS X 10_12_6) AppleWebKit/537.36 (KHTML, like Gecko) Chrome/61.0.3163.100 Safari/537.36"
::1 - - [07/Oct/2017:05:48:14 +0000] "GET /api/resources/styles.css HTTP/1.1" 200 373 "http://localhost:3000/api/books" "Mozilla/5.0 (Macintosh; Intel Mac OS X 10_12_6) AppleWebKit/537.36 (KHTML, like Gecko) Chrome/61.0.3163.100 Safari/537.36"
::1 - - [07/Oct/2017:05:48:22 +0000] "GET /api/books HTTP/1.1" 304 - "http://localhost:3000/" "Mozilla/5.0 (Macintosh; Intel Mac OS X 10_12_6) AppleWebKit/537.36 (KHTML, like Gecko) Chrome/61.0.3163.100 Safari/537.36"
::1 - - [07/Oct/2017:05:48:22 +0000] "GET /api/resources/styles.css HTTP/1.1" 200 357 "http://localhost:3000/api/books" "Mozilla/5.0 (Macintosh; Intel Mac OS X 10_12_6) AppleWebKit/537.36 (KHTML, like Gecko) Chrome/61.0.3163.100 Safari/537.36"
::1 - - [07/Oct/2017:05:48:38 +0000] "GET /api/books HTTP/1.1" 200 969 "http://localhost:3000/" "Mozilla/5.0 (Macintosh; Intel Mac OS X 10_12_6) AppleWebKit/537.36 (KHTML, like Gecko) Chrome/61.0.3163.100 Safari/537.36"
::1 - - [07/Oct/2017:05:48:38 +0000] "GET /api/resources/styles.css HTTP/1.1" 200 328 "http://localhost:3000/api/books" "Mozilla/5.0 (Macintosh; Intel Mac OS X 10_12_6) AppleWebKit/537.36 (KHTML, like Gecko) Chrome/61.0.3163.100 Safari/537.36"
::1 - - [07/Oct/2017:05:49:08 +0000] "GET /api/books HTTP/1.1" 200 1035 "http://localhost:3000/" "Mozilla/5.0 (Macintosh; Intel Mac OS X 10_12_6) AppleWebKit/537.36 (KHTML, like Gecko) Chrome/61.0.3163.100 Safari/537.36"
::1 - - [07/Oct/2017:05:49:08 +0000] "GET /api/resources/styles.css HTTP/1.1" 304 - "http://localhost:3000/api/books" "Mozilla/5.0 (Macintosh; Intel Mac OS X 10_12_6) AppleWebKit/537.36 (KHTML, like Gecko) Chrome/61.0.3163.100 Safari/537.36"
::1 - - [07/Oct/2017:05:49:09 +0000] "GET /api/books HTTP/1.1" 304 - "http://localhost:3000/" "Mozilla/5.0 (Macintosh; Intel Mac OS X 10_12_6) AppleWebKit/537.36 (KHTML, like Gecko) Chrome/61.0.3163.100 Safari/537.36"
::1 - - [07/Oct/2017:05:49:09 +0000] "GET /api/resources/styles.css HTTP/1.1" 304 - "http://localhost:3000/api/books" "Mozilla/5.0 (Macintosh; Intel Mac OS X 10_12_6) AppleWebKit/537.36 (KHTML, like Gecko) Chrome/61.0.3163.100 Safari/537.36"
::1 - - [07/Oct/2017:05:49:15 +0000] "GET /api/books HTTP/1.1" 304 - "http://localhost:3000/" "Mozilla/5.0 (Macintosh; Intel Mac OS X 10_12_6) AppleWebKit/537.36 (KHTML, like Gecko) Chrome/61.0.3163.100 Safari/537.36"
::1 - - [07/Oct/2017:05:49:15 +0000] "GET /api/resources/styles.css HTTP/1.1" 200 328 "http://localhost:3000/api/books" "Mozilla/5.0 (Macintosh; Intel Mac OS X 10_12_6) AppleWebKit/537.36 (KHTML, like Gecko) Chrome/61.0.3163.100 Safari/537.36"
::1 - - [07/Oct/2017:05:49:23 +0000] "GET /api/books HTTP/1.1" 304 - "http://localhost:3000/" "Mozilla/5.0 (Macintosh; Intel Mac OS X 10_12_6) AppleWebKit/537.36 (KHTML, like Gecko) Chrome/61.0.3163.100 Safari/537.36"
::1 - - [07/Oct/2017:05:49:23 +0000] "GET /api/resources/styles.css HTTP/1.1" 304 - "http://localhost:3000/api/books" "Mozilla/5.0 (Macintosh; Intel Mac OS X 10_12_6) AppleWebKit/537.36 (KHTML, like Gecko) Chrome/61.0.3163.100 Safari/537.36"
::1 - - [07/Oct/2017:05:49:32 +0000] "POST /api/books HTTP/1.1" 302 64 "http://localhost:3000/api/books" "Mozilla/5.0 (Macintosh; Intel Mac OS X 10_12_6) AppleWebKit/537.36 (KHTML, like Gecko) Chrome/61.0.3163.100 Safari/537.36"
::1 - - [07/Oct/2017:05:49:32 +0000] "GET /api/books HTTP/1.1" 200 1253 "http://localhost:3000/api/books" "Mozilla/5.0 (Macintosh; Intel Mac OS X 10_12_6) AppleWebKit/537.36 (KHTML, like Gecko) Chrome/61.0.3163.100 Safari/537.36"
::1 - - [07/Oct/2017:05:49:32 +0000] "GET /api/resources/styles.css HTTP/1.1" 304 - "http://localhost:3000/api/books" "Mozilla/5.0 (Macintosh; Intel Mac OS X 10_12_6) AppleWebKit/537.36 (KHTML, like Gecko) Chrome/61.0.3163.100 Safari/537.36"
::1 - - [07/Oct/2017:05:49:33 +0000] "POST /api/books HTTP/1.1" 302 64 "http://localhost:3000/api/books" "Mozilla/5.0 (Macintosh; Intel Mac OS X 10_12_6) AppleWebKit/537.36 (KHTML, like Gecko) Chrome/61.0.3163.100 Safari/537.36"
::1 - - [07/Oct/2017:05:49:33 +0000] "GET /api/books HTTP/1.1" 200 1471 "http://localhost:3000/api/books" "Mozilla/5.0 (Macintosh; Intel Mac OS X 10_12_6) AppleWebKit/537.36 (KHTML, like Gecko) Chrome/61.0.3163.100 Safari/537.36"
::1 - - [07/Oct/2017:05:49:33 +0000] "GET /api/resources/styles.css HTTP/1.1" 304 - "http://localhost:3000/api/books" "Mozilla/5.0 (Macintosh; Intel Mac OS X 10_12_6) AppleWebKit/537.36 (KHTML, like Gecko) Chrome/61.0.3163.100 Safari/537.36"
::1 - - [07/Oct/2017:05:49:35 +0000] "GET /api/books/delete/59d86aec060c9e0a66be6953 HTTP/1.1" 302 64 "http://localhost:3000/api/books" "Mozilla/5.0 (Macintosh; Intel Mac OS X 10_12_6) AppleWebKit/537.36 (KHTML, like Gecko) Chrome/61.0.3163.100 Safari/537.36"
::1 - - [07/Oct/2017:05:49:35 +0000] "GET /api/books HTTP/1.1" 200 1253 "http://localhost:3000/api/books" "Mozilla/5.0 (Macintosh; Intel Mac OS X 10_12_6) AppleWebKit/537.36 (KHTML, like Gecko) Chrome/61.0.3163.100 Safari/537.36"
::1 - - [07/Oct/2017:05:49:35 +0000] "GET /api/resources/styles.css HTTP/1.1" 304 - "http://localhost:3000/api/books" "Mozilla/5.0 (Macintosh; Intel Mac OS X 10_12_6) AppleWebKit/537.36 (KHTML, like Gecko) Chrome/61.0.3163.100 Safari/537.36"
::1 - - [07/Oct/2017:05:49:35 +0000] "GET /api/books/delete/59d86aed060c9e0a66be6954 HTTP/1.1" 302 64 "http://localhost:3000/api/books" "Mozilla/5.0 (Macintosh; Intel Mac OS X 10_12_6) AppleWebKit/537.36 (KHTML, like Gecko) Chrome/61.0.3163.100 Safari/537.36"
::1 - - [07/Oct/2017:05:49:35 +0000] "GET /api/books HTTP/1.1" 200 1035 "http://localhost:3000/api/books" "Mozilla/5.0 (Macintosh; Intel Mac OS X 10_12_6) AppleWebKit/537.36 (KHTML, like Gecko) Chrome/61.0.3163.100 Safari/537.36"
::1 - - [07/Oct/2017:05:49:35 +0000] "GET /api/resources/styles.css HTTP/1.1" 304 - "http://localhost:3000/api/books" "Mozilla/5.0 (Macintosh; Intel Mac OS X 10_12_6) AppleWebKit/537.36 (KHTML, like Gecko) Chrome/61.0.3163.100 Safari/537.36"
::1 - - [07/Oct/2017:05:49:49 +0000] "POST /api/books HTTP/1.1" 302 64 "http://localhost:3000/api/books" "Mozilla/5.0 (Macintosh; Intel Mac OS X 10_12_6) AppleWebKit/537.36 (KHTML, like Gecko) Chrome/61.0.3163.100 Safari/537.36"
::1 - - [07/Oct/2017:05:49:49 +0000] "GET /api/books HTTP/1.1" 200 1260 "http://localhost:3000/api/books" "Mozilla/5.0 (Macintosh; Intel Mac OS X 10_12_6) AppleWebKit/537.36 (KHTML, like Gecko) Chrome/61.0.3163.100 Safari/537.36"
::1 - - [07/Oct/2017:05:49:49 +0000] "GET /api/resources/styles.css HTTP/1.1" 304 - "http://localhost:3000/api/books" "Mozilla/5.0 (Macintosh; Intel Mac OS X 10_12_6) AppleWebKit/537.36 (KHTML, like Gecko) Chrome/61.0.3163.100 Safari/537.36"
::1 - - [07/Oct/2017:05:49:51 +0000] "GET /api/books/delete/59d86afd060c9e0a66be6955 HTTP/1.1" 302 64 "http://localhost:3000/api/books" "Mozilla/5.0 (Macintosh; Intel Mac OS X 10_12_6) AppleWebKit/537.36 (KHTML, like Gecko) Chrome/61.0.3163.100 Safari/537.36"
::1 - - [07/Oct/2017:05:49:51 +0000] "GET /api/books HTTP/1.1" 200 1035 "http://localhost:3000/api/books" "Mozilla/5.0 (Macintosh; Intel Mac OS X 10_12_6) AppleWebKit/537.36 (KHTML, like Gecko) Chrome/61.0.3163.100 Safari/537.36"
::1 - - [07/Oct/2017:05:49:51 +0000] "GET /api/resources/styles.css HTTP/1.1" 304 - "http://localhost:3000/api/books" "Mozilla/5.0 (Macintosh; Intel Mac OS X 10_12_6) AppleWebKit/537.36 (KHTML, like Gecko) Chrome/61.0.3163.100 Safari/537.36"
::1 - - [07/Oct/2017:05:49:51 +0000] "GET /api/books/delete/59d866359174d909e8e43e0d HTTP/1.1" 302 64 "http://localhost:3000/api/books" "Mozilla/5.0 (Macintosh; Intel Mac OS X 10_12_6) AppleWebKit/537.36 (KHTML, like Gecko) Chrome/61.0.3163.100 Safari/537.36"
::1 - - [07/Oct/2017:05:49:51 +0000] "GET /api/books HTTP/1.1" 200 809 "http://localhost:3000/api/books" "Mozilla/5.0 (Macintosh; Intel Mac OS X 10_12_6) AppleWebKit/537.36 (KHTML, like Gecko) Chrome/61.0.3163.100 Safari/537.36"
::1 - - [07/Oct/2017:05:49:51 +0000] "GET /api/resources/styles.css HTTP/1.1" 304 - "http://localhost:3000/api/books" "Mozilla/5.0 (Macintosh; Intel Mac OS X 10_12_6) AppleWebKit/537.36 (KHTML, like Gecko) Chrome/61.0.3163.100 Safari/537.36"
::1 - - [07/Oct/2017:05:49:52 +0000] "GET /api/books/59d8662f9174d909e8e43e0c/edit HTTP/1.1" 304 - "http://localhost:3000/api/books" "Mozilla/5.0 (Macintosh; Intel Mac OS X 10_12_6) AppleWebKit/537.36 (KHTML, like Gecko) Chrome/61.0.3163.100 Safari/537.36"
::1 - - [07/Oct/2017:05:49:56 +0000] "POST /api/books/59d8662f9174d909e8e43e0c HTTP/1.1" 302 64 "http://localhost:3000/api/books/59d8662f9174d909e8e43e0c/edit" "Mozilla/5.0 (Macintosh; Intel Mac OS X 10_12_6) AppleWebKit/537.36 (KHTML, like Gecko) Chrome/61.0.3163.100 Safari/537.36"
::1 - - [07/Oct/2017:05:49:56 +0000] "GET /api/books HTTP/1.1" 200 817 "http://localhost:3000/api/books/59d8662f9174d909e8e43e0c/edit" "Mozilla/5.0 (Macintosh; Intel Mac OS X 10_12_6) AppleWebKit/537.36 (KHTML, like Gecko) Chrome/61.0.3163.100 Safari/537.36"
::1 - - [07/Oct/2017:05:49:56 +0000] "GET /api/resources/styles.css HTTP/1.1" 304 - "http://localhost:3000/api/books" "Mozilla/5.0 (Macintosh; Intel Mac OS X 10_12_6) AppleWebKit/537.36 (KHTML, like Gecko) Chrome/61.0.3163.100 Safari/537.36"
::1 - - [07/Oct/2017:15:09:09 +0000] "GET / HTTP/1.1" 304 - "-" "Mozilla/5.0 (Macintosh; Intel Mac OS X 10_12_6) AppleWebKit/537.36 (KHTML, like Gecko) Chrome/61.0.3163.100 Safari/537.36"
::1 - - [07/Oct/2017:15:09:10 +0000] "GET /favicon.ico HTTP/1.1" 404 150 "http://localhost:3000/" "Mozilla/5.0 (Macintosh; Intel Mac OS X 10_12_6) AppleWebKit/537.36 (KHTML, like Gecko) Chrome/61.0.3163.100 Safari/537.36"
::1 - - [07/Oct/2017:15:09:11 +0000] "GET /api/books HTTP/1.1" 200 817 "http://localhost:3000/" "Mozilla/5.0 (Macintosh; Intel Mac OS X 10_12_6) AppleWebKit/537.36 (KHTML, like Gecko) Chrome/61.0.3163.100 Safari/537.36"
::1 - - [07/Oct/2017:15:09:11 +0000] "GET /api/resources/styles.css HTTP/1.1" 304 - "http://localhost:3000/api/books" "Mozilla/5.0 (Macintosh; Intel Mac OS X 10_12_6) AppleWebKit/537.36 (KHTML, like Gecko) Chrome/61.0.3163.100 Safari/537.36"
::1 - - [07/Oct/2017:15:11:20 +0000] "POST /api/books HTTP/1.1" 302 64 "http://localhost:3000/api/books" "Mozilla/5.0 (Macintosh; Intel Mac OS X 10_12_6) AppleWebKit/537.36 (KHTML, like Gecko) Chrome/61.0.3163.100 Safari/537.36"
::1 - - [07/Oct/2017:15:11:20 +0000] "GET /api/books HTTP/1.1" 200 1046 "http://localhost:3000/api/books" "Mozilla/5.0 (Macintosh; Intel Mac OS X 10_12_6) AppleWebKit/537.36 (KHTML, like Gecko) Chrome/61.0.3163.100 Safari/537.36"
::1 - - [07/Oct/2017:15:11:20 +0000] "GET /api/resources/styles.css HTTP/1.1" 304 - "http://localhost:3000/api/books" "Mozilla/5.0 (Macintosh; Intel Mac OS X 10_12_6) AppleWebKit/537.36 (KHTML, like Gecko) Chrome/61.0.3163.100 Safari/537.36"
::1 - - [07/Oct/2017:15:11:23 +0000] "GET /api/books/59d8ee988f072d03b01cc68b/edit HTTP/1.1" 200 361 "http://localhost:3000/api/books" "Mozilla/5.0 (Macintosh; Intel Mac OS X 10_12_6) AppleWebKit/537.36 (KHTML, like Gecko) Chrome/61.0.3163.100 Safari/537.36"
::1 - - [07/Oct/2017:15:11:26 +0000] "POST /api/books/59d8ee988f072d03b01cc68b HTTP/1.1" 302 64 "http://localhost:3000/api/books/59d8ee988f072d03b01cc68b/edit" "Mozilla/5.0 (Macintosh; Intel Mac OS X 10_12_6) AppleWebKit/537.36 (KHTML, like Gecko) Chrome/61.0.3163.100 Safari/537.36"
::1 - - [07/Oct/2017:15:11:26 +0000] "GET /api/books HTTP/1.1" 200 1047 "http://localhost:3000/api/books/59d8ee988f072d03b01cc68b/edit" "Mozilla/5.0 (Macintosh; Intel Mac OS X 10_12_6) AppleWebKit/537.36 (KHTML, like Gecko) Chrome/61.0.3163.100 Safari/537.36"
::1 - - [07/Oct/2017:15:11:26 +0000] "GET /api/resources/styles.css HTTP/1.1" 304 - "http://localhost:3000/api/books" "Mozilla/5.0 (Macintosh; Intel Mac OS X 10_12_6) AppleWebKit/537.36 (KHTML, like Gecko) Chrome/61.0.3163.100 Safari/537.36"
::1 - - [07/Oct/2017:15:11:44 +0000] "GET /api/books/delete/59d8ee988f072d03b01cc68b HTTP/1.1" 302 64 "http://localhost:3000/api/books" "Mozilla/5.0 (Macintosh; Intel Mac OS X 10_12_6) AppleWebKit/537.36 (KHTML, like Gecko) Chrome/61.0.3163.100 Safari/537.36"
::1 - - [07/Oct/2017:15:11:44 +0000] "GET /api/books HTTP/1.1" 200 817 "http://localhost:3000/api/books" "Mozilla/5.0 (Macintosh; Intel Mac OS X 10_12_6) AppleWebKit/537.36 (KHTML, like Gecko) Chrome/61.0.3163.100 Safari/537.36"
::1 - - [07/Oct/2017:15:11:44 +0000] "GET /api/resources/styles.css HTTP/1.1" 304 - "http://localhost:3000/api/books" "Mozilla/5.0 (Macintosh; Intel Mac OS X 10_12_6) AppleWebKit/537.36 (KHTML, like Gecko) Chrome/61.0.3163.100 Safari/537.36"
::1 - - [07/Oct/2017:15:11:51 +0000] "GET /api/books/delete/59d8662f9174d909e8e43e0c HTTP/1.1" 302 64 "http://localhost:3000/api/books" "Mozilla/5.0 (Macintosh; Intel Mac OS X 10_12_6) AppleWebKit/537.36 (KHTML, like Gecko) Chrome/61.0.3163.100 Safari/537.36"
::1 - - [07/Oct/2017:15:11:51 +0000] "GET /api/books HTTP/1.1" 200 573 "http://localhost:3000/api/books" "Mozilla/5.0 (Macintosh; Intel Mac OS X 10_12_6) AppleWebKit/537.36 (KHTML, like Gecko) Chrome/61.0.3163.100 Safari/537.36"
::1 - - [07/Oct/2017:15:11:51 +0000] "GET /api/resources/styles.css HTTP/1.1" 304 - "http://localhost:3000/api/books" "Mozilla/5.0 (Macintosh; Intel Mac OS X 10_12_6) AppleWebKit/537.36 (KHTML, like Gecko) Chrome/61.0.3163.100 Safari/537.36"
::1 - - [07/Oct/2017:15:12:40 +0000] "POST /api/books HTTP/1.1" 302 64 "http://localhost:3000/api/books" "Mozilla/5.0 (Macintosh; Intel Mac OS X 10_12_6) AppleWebKit/537.36 (KHTML, like Gecko) Chrome/61.0.3163.100 Safari/537.36"
::1 - - [07/Oct/2017:15:12:40 +0000] "GET /api/books HTTP/1.1" 200 809 "http://localhost:3000/api/books" "Mozilla/5.0 (Macintosh; Intel Mac OS X 10_12_6) AppleWebKit/537.36 (KHTML, like Gecko) Chrome/61.0.3163.100 Safari/537.36"
::1 - - [07/Oct/2017:15:12:40 +0000] "GET /api/resources/styles.css HTTP/1.1" 304 - "http://localhost:3000/api/books" "Mozilla/5.0 (Macintosh; Intel Mac OS X 10_12_6) AppleWebKit/537.36 (KHTML, like Gecko) Chrome/61.0.3163.100 Safari/537.36"
::1 - - [07/Oct/2017:15:12:49 +0000] "POST /api/books HTTP/1.1" 302 64 "http://localhost:3000/api/books" "Mozilla/5.0 (Macintosh; Intel Mac OS X 10_12_6) AppleWebKit/537.36 (KHTML, like Gecko) Chrome/61.0.3163.100 Safari/537.36"
::1 - - [07/Oct/2017:15:12:49 +0000] "GET /api/books HTTP/1.1" 200 1037 "http://localhost:3000/api/books" "Mozilla/5.0 (Macintosh; Intel Mac OS X 10_12_6) AppleWebKit/537.36 (KHTML, like Gecko) Chrome/61.0.3163.100 Safari/537.36"
::1 - - [07/Oct/2017:15:12:49 +0000] "GET /api/resources/styles.css HTTP/1.1" 304 - "http://localhost:3000/api/books" "Mozilla/5.0 (Macintosh; Intel Mac OS X 10_12_6) AppleWebKit/537.36 (KHTML, like Gecko) Chrome/61.0.3163.100 Safari/537.36"
::1 - - [07/Oct/2017:15:14:20 +0000] "POST /api/books HTTP/1.1" 302 64 "http://localhost:3000/api/books" "Mozilla/5.0 (Macintosh; Intel Mac OS X 10_12_6) AppleWebKit/537.36 (KHTML, like Gecko) Chrome/61.0.3163.100 Safari/537.36"
::1 - - [07/Oct/2017:15:14:20 +0000] "GET /api/books HTTP/1.1" 200 1255 "http://localhost:3000/api/books" "Mozilla/5.0 (Macintosh; Intel Mac OS X 10_12_6) AppleWebKit/537.36 (KHTML, like Gecko) Chrome/61.0.3163.100 Safari/537.36"
::1 - - [07/Oct/2017:15:14:20 +0000] "GET /api/resources/styles.css HTTP/1.1" 304 - "http://localhost:3000/api/books" "Mozilla/5.0 (Macintosh; Intel Mac OS X 10_12_6) AppleWebKit/537.36 (KHTML, like Gecko) Chrome/61.0.3163.100 Safari/537.36"
::1 - - [07/Oct/2017:15:14:22 +0000] "GET /api/books/delete/59d8ef4c8f072d03b01cc68e HTTP/1.1" 302 64 "http://localhost:3000/api/books" "Mozilla/5.0 (Macintosh; Intel Mac OS X 10_12_6) AppleWebKit/537.36 (KHTML, like Gecko) Chrome/61.0.3163.100 Safari/537.36"
::1 - - [07/Oct/2017:15:14:22 +0000] "GET /api/books HTTP/1.1" 200 1037 "http://localhost:3000/api/books" "Mozilla/5.0 (Macintosh; Intel Mac OS X 10_12_6) AppleWebKit/537.36 (KHTML, like Gecko) Chrome/61.0.3163.100 Safari/537.36"
::1 - - [07/Oct/2017:15:14:22 +0000] "GET /api/resources/styles.css HTTP/1.1" 304 - "http://localhost:3000/api/books" "Mozilla/5.0 (Macintosh; Intel Mac OS X 10_12_6) AppleWebKit/537.36 (KHTML, like Gecko) Chrome/61.0.3163.100 Safari/537.36"
::1 - - [07/Oct/2017:15:36:33 +0000] "GET /api/books/59d8eee88f072d03b01cc68c/edit HTTP/1.1" 200 368 "http://localhost:3000/api/books" "Mozilla/5.0 (Macintosh; Intel Mac OS X 10_12_6) AppleWebKit/537.36 (KHTML, like Gecko) Chrome/61.0.3163.100 Safari/537.36"
::1 - - [07/Oct/2017:15:36:35 +0000] "POST /api/books/59d8eee88f072d03b01cc68c HTTP/1.1" 302 64 "http://localhost:3000/api/books/59d8eee88f072d03b01cc68c/edit" "Mozilla/5.0 (Macintosh; Intel Mac OS X 10_12_6) AppleWebKit/537.36 (KHTML, like Gecko) Chrome/61.0.3163.100 Safari/537.36"
::1 - - [07/Oct/2017:15:36:35 +0000] "GET /api/books HTTP/1.1" 304 - "http://localhost:3000/api/books/59d8eee88f072d03b01cc68c/edit" "Mozilla/5.0 (Macintosh; Intel Mac OS X 10_12_6) AppleWebKit/537.36 (KHTML, like Gecko) Chrome/61.0.3163.100 Safari/537.36"
::1 - - [07/Oct/2017:15:36:35 +0000] "GET /api/resources/styles.css HTTP/1.1" 304 - "http://localhost:3000/api/books" "Mozilla/5.0 (Macintosh; Intel Mac OS X 10_12_6) AppleWebKit/537.36 (KHTML, like Gecko) Chrome/61.0.3163.100 Safari/537.36"
::1 - - [07/Oct/2017:15:36:38 +0000] "GET /api/books/delete/59d8eef18f072d03b01cc68d HTTP/1.1" 302 64 "http://localhost:3000/api/books" "Mozilla/5.0 (Macintosh; Intel Mac OS X 10_12_6) AppleWebKit/537.36 (KHTML, like Gecko) Chrome/61.0.3163.100 Safari/537.36"
::1 - - [07/Oct/2017:15:36:38 +0000] "GET /api/books HTTP/1.1" 200 809 "http://localhost:3000/api/books" "Mozilla/5.0 (Macintosh; Intel Mac OS X 10_12_6) AppleWebKit/537.36 (KHTML, like Gecko) Chrome/61.0.3163.100 Safari/537.36"
::1 - - [07/Oct/2017:15:36:38 +0000] "GET /api/resources/styles.css HTTP/1.1" 304 - "http://localhost:3000/api/books" "Mozilla/5.0 (Macintosh; Intel Mac OS X 10_12_6) AppleWebKit/537.36 (KHTML, like Gecko) Chrome/61.0.3163.100 Safari/537.36"
::1 - - [07/Oct/2017:15:36:42 +0000] "POST /api/books HTTP/1.1" 302 64 "http://localhost:3000/api/books" "Mozilla/5.0 (Macintosh; Intel Mac OS X 10_12_6) AppleWebKit/537.36 (KHTML, like Gecko) Chrome/61.0.3163.100 Safari/537.36"
::1 - - [07/Oct/2017:15:36:42 +0000] "GET /api/books HTTP/1.1" 200 1050 "http://localhost:3000/api/books" "Mozilla/5.0 (Macintosh; Intel Mac OS X 10_12_6) AppleWebKit/537.36 (KHTML, like Gecko) Chrome/61.0.3163.100 Safari/537.36"
::1 - - [07/Oct/2017:15:36:42 +0000] "GET /api/resources/styles.css HTTP/1.1" 304 - "http://localhost:3000/api/books" "Mozilla/5.0 (Macintosh; Intel Mac OS X 10_12_6) AppleWebKit/537.36 (KHTML, like Gecko) Chrome/61.0.3163.100 Safari/537.36"
::1 - - [07/Oct/2017:15:36:48 +0000] "POST /api/books HTTP/1.1" 302 64 "http://localhost:3000/api/books" "Mozilla/5.0 (Macintosh; Intel Mac OS X 10_12_6) AppleWebKit/537.36 (KHTML, like Gecko) Chrome/61.0.3163.100 Safari/537.36"
::1 - - [07/Oct/2017:15:36:48 +0000] "GET /api/books HTTP/1.1" 200 1274 "http://localhost:3000/api/books" "Mozilla/5.0 (Macintosh; Intel Mac OS X 10_12_6) AppleWebKit/537.36 (KHTML, like Gecko) Chrome/61.0.3163.100 Safari/537.36"
::1 - - [07/Oct/2017:15:36:48 +0000] "GET /api/resources/styles.css HTTP/1.1" 304 - "http://localhost:3000/api/books" "Mozilla/5.0 (Macintosh; Intel Mac OS X 10_12_6) AppleWebKit/537.36 (KHTML, like Gecko) Chrome/61.0.3163.100 Safari/537.36"
::1 - - [07/Oct/2017:15:36:50 +0000] "GET /api/books/59d8f4908f072d03b01cc690/edit HTTP/1.1" 200 356 "http://localhost:3000/api/books" "Mozilla/5.0 (Macintosh; Intel Mac OS X 10_12_6) AppleWebKit/537.36 (KHTML, like Gecko) Chrome/61.0.3163.100 Safari/537.36"
::1 - - [07/Oct/2017:15:36:51 +0000] "POST /api/books/59d8f4908f072d03b01cc690 HTTP/1.1" 302 64 "http://localhost:3000/api/books/59d8f4908f072d03b01cc690/edit" "Mozilla/5.0 (Macintosh; Intel Mac OS X 10_12_6) AppleWebKit/537.36 (KHTML, like Gecko) Chrome/61.0.3163.100 Safari/537.36"
::1 - - [07/Oct/2017:15:36:51 +0000] "GET /api/books HTTP/1.1" 304 - "http://localhost:3000/api/books/59d8f4908f072d03b01cc690/edit" "Mozilla/5.0 (Macintosh; Intel Mac OS X 10_12_6) AppleWebKit/537.36 (KHTML, like Gecko) Chrome/61.0.3163.100 Safari/537.36"
::1 - - [07/Oct/2017:15:36:51 +0000] "GET /api/resources/styles.css HTTP/1.1" 304 - "http://localhost:3000/api/books" "Mozilla/5.0 (Macintosh; Intel Mac OS X 10_12_6) AppleWebKit/537.36 (KHTML, like Gecko) Chrome/61.0.3163.100 Safari/537.36"
::1 - - [07/Oct/2017:15:36:52 +0000] "GET /api/books/delete/59d8f48a8f072d03b01cc68f HTTP/1.1" 302 64 "http://localhost:3000/api/books" "Mozilla/5.0 (Macintosh; Intel Mac OS X 10_12_6) AppleWebKit/537.36 (KHTML, like Gecko) Chrome/61.0.3163.100 Safari/537.36"
::1 - - [07/Oct/2017:15:36:52 +0000] "GET /api/books HTTP/1.1" 200 1033 "http://localhost:3000/api/books" "Mozilla/5.0 (Macintosh; Intel Mac OS X 10_12_6) AppleWebKit/537.36 (KHTML, like Gecko) Chrome/61.0.3163.100 Safari/537.36"
::1 - - [07/Oct/2017:15:36:52 +0000] "GET /api/resources/styles.css HTTP/1.1" 304 - "http://localhost:3000/api/books" "Mozilla/5.0 (Macintosh; Intel Mac OS X 10_12_6) AppleWebKit/537.36 (KHTML, like Gecko) Chrome/61.0.3163.100 Safari/537.36"
::1 - - [07/Oct/2017:15:36:54 +0000] "GET /api/books/delete/59d8f4908f072d03b01cc690 HTTP/1.1" 302 64 "http://localhost:3000/api/books" "Mozilla/5.0 (Macintosh; Intel Mac OS X 10_12_6) AppleWebKit/537.36 (KHTML, like Gecko) Chrome/61.0.3163.100 Safari/537.36"
::1 - - [07/Oct/2017:15:36:54 +0000] "GET /api/books HTTP/1.1" 200 809 "http://localhost:3000/api/books" "Mozilla/5.0 (Macintosh; Intel Mac OS X 10_12_6) AppleWebKit/537.36 (KHTML, like Gecko) Chrome/61.0.3163.100 Safari/537.36"
::1 - - [07/Oct/2017:15:36:54 +0000] "GET /api/resources/styles.css HTTP/1.1" 304 - "http://localhost:3000/api/books" "Mozilla/5.0 (Macintosh; Intel Mac OS X 10_12_6) AppleWebKit/537.36 (KHTML, like Gecko) Chrome/61.0.3163.100 Safari/537.36"
::1 - - [07/Oct/2017:15:36:54 +0000] "GET /api/books/delete/59d8eee88f072d03b01cc68c HTTP/1.1" 302 64 "http://localhost:3000/api/books" "Mozilla/5.0 (Macintosh; Intel Mac OS X 10_12_6) AppleWebKit/537.36 (KHTML, like Gecko) Chrome/61.0.3163.100 Safari/537.36"
::1 - - [07/Oct/2017:15:36:54 +0000] "GET /api/books HTTP/1.1" 200 573 "http://localhost:3000/api/books" "Mozilla/5.0 (Macintosh; Intel Mac OS X 10_12_6) AppleWebKit/537.36 (KHTML, like Gecko) Chrome/61.0.3163.100 Safari/537.36"
::1 - - [07/Oct/2017:15:36:54 +0000] "GET /api/resources/styles.css HTTP/1.1" 304 - "http://localhost:3000/api/books" "Mozilla/5.0 (Macintosh; Intel Mac OS X 10_12_6) AppleWebKit/537.36 (KHTML, like Gecko) Chrome/61.0.3163.100 Safari/537.36"
::1 - - [07/Oct/2017:15:39:04 +0000] "POST /api/books HTTP/1.1" 302 64 "http://localhost:3000/api/books" "Mozilla/5.0 (Macintosh; Intel Mac OS X 10_12_6) AppleWebKit/537.36 (KHTML, like Gecko) Chrome/61.0.3163.100 Safari/537.36"
::1 - - [07/Oct/2017:15:39:04 +0000] "GET /api/books HTTP/1.1" 200 806 "http://localhost:3000/api/books" "Mozilla/5.0 (Macintosh; Intel Mac OS X 10_12_6) AppleWebKit/537.36 (KHTML, like Gecko) Chrome/61.0.3163.100 Safari/537.36"
::1 - - [07/Oct/2017:15:39:04 +0000] "GET /api/resources/styles.css HTTP/1.1" 304 - "http://localhost:3000/api/books" "Mozilla/5.0 (Macintosh; Intel Mac OS X 10_12_6) AppleWebKit/537.36 (KHTML, like Gecko) Chrome/61.0.3163.100 Safari/537.36"
::1 - - [07/Oct/2017:15:39:11 +0000] "POST /api/books HTTP/1.1" 302 64 "http://localhost:3000/api/books" "Mozilla/5.0 (Macintosh; Intel Mac OS X 10_12_6) AppleWebKit/537.36 (KHTML, like Gecko) Chrome/61.0.3163.100 Safari/537.36"
::1 - - [07/Oct/2017:15:39:11 +0000] "GET /api/books HTTP/1.1" 200 1050 "http://localhost:3000/api/books" "Mozilla/5.0 (Macintosh; Intel Mac OS X 10_12_6) AppleWebKit/537.36 (KHTML, like Gecko) Chrome/61.0.3163.100 Safari/537.36"
::1 - - [07/Oct/2017:15:39:11 +0000] "GET /api/resources/styles.css HTTP/1.1" 304 - "http://localhost:3000/api/books" "Mozilla/5.0 (Macintosh; Intel Mac OS X 10_12_6) AppleWebKit/537.36 (KHTML, like Gecko) Chrome/61.0.3163.100 Safari/537.36"
::1 - - [07/Oct/2017:15:39:15 +0000] "POST /api/books HTTP/1.1" 302 64 "http://localhost:3000/api/books" "Mozilla/5.0 (Macintosh; Intel Mac OS X 10_12_6) AppleWebKit/537.36 (KHTML, like Gecko) Chrome/61.0.3163.100 Safari/537.36"
::1 - - [07/Oct/2017:15:39:15 +0000] "GET /api/books HTTP/1.1" 200 1279 "http://localhost:3000/api/books" "Mozilla/5.0 (Macintosh; Intel Mac OS X 10_12_6) AppleWebKit/537.36 (KHTML, like Gecko) Chrome/61.0.3163.100 Safari/537.36"
::1 - - [07/Oct/2017:15:39:15 +0000] "GET /api/resources/styles.css HTTP/1.1" 304 - "http://localhost:3000/api/books" "Mozilla/5.0 (Macintosh; Intel Mac OS X 10_12_6) AppleWebKit/537.36 (KHTML, like Gecko) Chrome/61.0.3163.100 Safari/537.36"
::1 - - [07/Oct/2017:15:39:22 +0000] "GET /api/books/59d8f5238f072d03b01cc693/edit HTTP/1.1" 200 361 "http://localhost:3000/api/books" "Mozilla/5.0 (Macintosh; Intel Mac OS X 10_12_6) AppleWebKit/537.36 (KHTML, like Gecko) Chrome/61.0.3163.100 Safari/537.36"
::1 - - [07/Oct/2017:15:39:24 +0000] "POST /api/books/59d8f5238f072d03b01cc693 HTTP/1.1" 302 64 "http://localhost:3000/api/books/59d8f5238f072d03b01cc693/edit" "Mozilla/5.0 (Macintosh; Intel Mac OS X 10_12_6) AppleWebKit/537.36 (KHTML, like Gecko) Chrome/61.0.3163.100 Safari/537.36"
::1 - - [07/Oct/2017:15:39:24 +0000] "GET /api/books HTTP/1.1" 304 - "http://localhost:3000/api/books/59d8f5238f072d03b01cc693/edit" "Mozilla/5.0 (Macintosh; Intel Mac OS X 10_12_6) AppleWebKit/537.36 (KHTML, like Gecko) Chrome/61.0.3163.100 Safari/537.36"
::1 - - [07/Oct/2017:15:39:24 +0000] "GET /api/resources/styles.css HTTP/1.1" 304 - "http://localhost:3000/api/books" "Mozilla/5.0 (Macintosh; Intel Mac OS X 10_12_6) AppleWebKit/537.36 (KHTML, like Gecko) Chrome/61.0.3163.100 Safari/537.36"
::1 - - [07/Oct/2017:15:39:26 +0000] "GET /api/books/59d8f51f8f072d03b01cc692/edit HTTP/1.1" 200 376 "http://localhost:3000/api/books" "Mozilla/5.0 (Macintosh; Intel Mac OS X 10_12_6) AppleWebKit/537.36 (KHTML, like Gecko) Chrome/61.0.3163.100 Safari/537.36"
::1 - - [07/Oct/2017:15:39:28 +0000] "POST /api/books/59d8f51f8f072d03b01cc692 HTTP/1.1" 302 64 "http://localhost:3000/api/books/59d8f51f8f072d03b01cc692/edit" "Mozilla/5.0 (Macintosh; Intel Mac OS X 10_12_6) AppleWebKit/537.36 (KHTML, like Gecko) Chrome/61.0.3163.100 Safari/537.36"
::1 - - [07/Oct/2017:15:39:28 +0000] "GET /api/books HTTP/1.1" 304 - "http://localhost:3000/api/books/59d8f51f8f072d03b01cc692/edit" "Mozilla/5.0 (Macintosh; Intel Mac OS X 10_12_6) AppleWebKit/537.36 (KHTML, like Gecko) Chrome/61.0.3163.100 Safari/537.36"
::1 - - [07/Oct/2017:15:39:28 +0000] "GET /api/resources/styles.css HTTP/1.1" 304 - "http://localhost:3000/api/books" "Mozilla/5.0 (Macintosh; Intel Mac OS X 10_12_6) AppleWebKit/537.36 (KHTML, like Gecko) Chrome/61.0.3163.100 Safari/537.36"
::1 - - [07/Oct/2017:15:39:32 +0000] "GET /api/resources/styles.css HTTP/1.1" 304 - "http://localhost:3000/api/books" "Mozilla/5.0 (Macintosh; Intel Mac OS X 10_12_6) AppleWebKit/537.36 (KHTML, like Gecko) Chrome/61.0.3163.100 Safari/537.36"
::1 - - [07/Oct/2017:15:39:37 +0000] "GET /api/books HTTP/1.1" 304 - "http://localhost:3000/api/books/59d8f51f8f072d03b01cc692/edit" "Mozilla/5.0 (Macintosh; Intel Mac OS X 10_12_6) AppleWebKit/537.36 (KHTML, like Gecko) Chrome/61.0.3163.100 Safari/537.36"
::1 - - [07/Oct/2017:15:39:37 +0000] "GET /api/resources/styles.css HTTP/1.1" 304 - "http://localhost:3000/api/books" "Mozilla/5.0 (Macintosh; Intel Mac OS X 10_12_6) AppleWebKit/537.36 (KHTML, like Gecko) Chrome/61.0.3163.100 Safari/537.36"
::1 - - [07/Oct/2017:18:12:07 +0000] "GET / HTTP/1.1" 304 - "-" "Mozilla/5.0 (Macintosh; Intel Mac OS X 10_12_6) AppleWebKit/537.36 (KHTML, like Gecko) Chrome/61.0.3163.100 Safari/537.36"
::1 - - [07/Oct/2017:18:12:15 +0000] "GET /api/cds HTTP/1.1" 404 146 "-" "Mozilla/5.0 (Macintosh; Intel Mac OS X 10_12_6) AppleWebKit/537.36 (KHTML, like Gecko) Chrome/61.0.3163.100 Safari/537.36"
::1 - - [07/Oct/2017:18:12:24 +0000] "GET /api/cds HTTP/1.1" 404 146 "-" "Mozilla/5.0 (Macintosh; Intel Mac OS X 10_12_6) AppleWebKit/537.36 (KHTML, like Gecko) Chrome/61.0.3163.100 Safari/537.36"
::1 - - [07/Oct/2017:18:12:29 +0000] "GET /api/ HTTP/1.1" 404 143 "-" "Mozilla/5.0 (Macintosh; Intel Mac OS X 10_12_6) AppleWebKit/537.36 (KHTML, like Gecko) Chrome/61.0.3163.100 Safari/537.36"
::1 - - [07/Oct/2017:18:12:35 +0000] "GET /api/books HTTP/1.1" 304 - "-" "Mozilla/5.0 (Macintosh; Intel Mac OS X 10_12_6) AppleWebKit/537.36 (KHTML, like Gecko) Chrome/61.0.3163.100 Safari/537.36"
::1 - - [07/Oct/2017:18:12:35 +0000] "GET /api/resources/styles.css HTTP/1.1" 304 - "http://localhost:3000/api/books" "Mozilla/5.0 (Macintosh; Intel Mac OS X 10_12_6) AppleWebKit/537.36 (KHTML, like Gecko) Chrome/61.0.3163.100 Safari/537.36"
::1 - - [07/Oct/2017:18:13:00 +0000] "GET /api/cds HTTP/1.1" 404 146 "-" "Mozilla/5.0 (Macintosh; Intel Mac OS X 10_12_6) AppleWebKit/537.36 (KHTML, like Gecko) Chrome/61.0.3163.100 Safari/537.36"
::1 - - [07/Oct/2017:18:13:53 +0000] "GET / HTTP/1.1" 200 154 "-" "Mozilla/5.0 (Macintosh; Intel Mac OS X 10_12_6) AppleWebKit/537.36 (KHTML, like Gecko) Chrome/61.0.3163.100 Safari/537.36"
::1 - - [07/Oct/2017:18:13:54 +0000] "GET /api/books HTTP/1.1" 200 1279 "http://localhost:8000/" "Mozilla/5.0 (Macintosh; Intel Mac OS X 10_12_6) AppleWebKit/537.36 (KHTML, like Gecko) Chrome/61.0.3163.100 Safari/537.36"
::1 - - [07/Oct/2017:18:13:54 +0000] "GET /api/resources/styles.css HTTP/1.1" 200 328 "http://localhost:8000/api/books" "Mozilla/5.0 (Macintosh; Intel Mac OS X 10_12_6) AppleWebKit/537.36 (KHTML, like Gecko) Chrome/61.0.3163.100 Safari/537.36"
::1 - - [07/Oct/2017:18:13:57 +0000] "GET /api/cds HTTP/1.1" 200 578 "-" "Mozilla/5.0 (Macintosh; Intel Mac OS X 10_12_6) AppleWebKit/537.36 (KHTML, like Gecko) Chrome/61.0.3163.100 Safari/537.36"
::1 - - [07/Oct/2017:18:13:57 +0000] "GET /api/resources/styles.css HTTP/1.1" 304 - "http://localhost:8000/api/cds" "Mozilla/5.0 (Macintosh; Intel Mac OS X 10_12_6) AppleWebKit/537.36 (KHTML, like Gecko) Chrome/61.0.3163.100 Safari/537.36"
::1 - - [07/Oct/2017:18:14:36 +0000] "GET /api/cds HTTP/1.1" 200 574 "-" "Mozilla/5.0 (Macintosh; Intel Mac OS X 10_12_6) AppleWebKit/537.36 (KHTML, like Gecko) Chrome/61.0.3163.100 Safari/537.36"
::1 - - [07/Oct/2017:18:14:37 +0000] "GET /api/resources/styles.css HTTP/1.1" 304 - "http://localhost:8000/api/cds" "Mozilla/5.0 (Macintosh; Intel Mac OS X 10_12_6) AppleWebKit/537.36 (KHTML, like Gecko) Chrome/61.0.3163.100 Safari/537.36"
::1 - - [07/Oct/2017:18:14:37 +0000] "GET /favicon.ico HTTP/1.1" 404 150 "http://localhost:8000/api/cds" "Mozilla/5.0 (Macintosh; Intel Mac OS X 10_12_6) AppleWebKit/537.36 (KHTML, like Gecko) Chrome/61.0.3163.100 Safari/537.36"
::1 - - [07/Oct/2017:18:14:55 +0000] "GET /api/cds HTTP/1.1" 200 581 "-" "Mozilla/5.0 (Macintosh; Intel Mac OS X 10_12_6) AppleWebKit/537.36 (KHTML, like Gecko) Chrome/61.0.3163.100 Safari/537.36"
::1 - - [07/Oct/2017:18:14:55 +0000] "GET /api/resources/styles.css HTTP/1.1" 304 - "http://localhost:8000/api/cds" "Mozilla/5.0 (Macintosh; Intel Mac OS X 10_12_6) AppleWebKit/537.36 (KHTML, like Gecko) Chrome/61.0.3163.100 Safari/537.36"
::1 - - [07/Oct/2017:18:15:03 +0000] "GET /api/cds HTTP/1.1" 200 588 "-" "Mozilla/5.0 (Macintosh; Intel Mac OS X 10_12_6) AppleWebKit/537.36 (KHTML, like Gecko) Chrome/61.0.3163.100 Safari/537.36"
::1 - - [07/Oct/2017:18:15:03 +0000] "GET /api/resources/styles.css HTTP/1.1" 304 - "http://localhost:8000/api/cds" "Mozilla/5.0 (Macintosh; Intel Mac OS X 10_12_6) AppleWebKit/537.36 (KHTML, like Gecko) Chrome/61.0.3163.100 Safari/537.36"
::1 - - [07/Oct/2017:18:15:19 +0000] "POST /api/cds HTTP/1.1" 302 60 "http://localhost:8000/api/cds" "Mozilla/5.0 (Macintosh; Intel Mac OS X 10_12_6) AppleWebKit/537.36 (KHTML, like Gecko) Chrome/61.0.3163.100 Safari/537.36"
::1 - - [07/Oct/2017:18:15:19 +0000] "GET /api/cds HTTP/1.1" 200 808 "http://localhost:8000/api/cds" "Mozilla/5.0 (Macintosh; Intel Mac OS X 10_12_6) AppleWebKit/537.36 (KHTML, like Gecko) Chrome/61.0.3163.100 Safari/537.36"
::1 - - [07/Oct/2017:18:15:19 +0000] "GET /api/resources/styles.css HTTP/1.1" 304 - "http://localhost:8000/api/cds" "Mozilla/5.0 (Macintosh; Intel Mac OS X 10_12_6) AppleWebKit/537.36 (KHTML, like Gecko) Chrome/61.0.3163.100 Safari/537.36"
::1 - - [07/Oct/2017:18:15:51 +0000] "GET /api/cds/delete/59d919b67c602c055d1d03b6 HTTP/1.1" 302 60 "http://localhost:8000/api/cds" "Mozilla/5.0 (Macintosh; Intel Mac OS X 10_12_6) AppleWebKit/537.36 (KHTML, like Gecko) Chrome/61.0.3163.100 Safari/537.36"
::1 - - [07/Oct/2017:18:15:51 +0000] "GET /api/cds HTTP/1.1" 200 588 "http://localhost:8000/api/cds" "Mozilla/5.0 (Macintosh; Intel Mac OS X 10_12_6) AppleWebKit/537.36 (KHTML, like Gecko) Chrome/61.0.3163.100 Safari/537.36"
::1 - - [07/Oct/2017:18:15:51 +0000] "GET /api/resources/styles.css HTTP/1.1" 304 - "http://localhost:8000/api/cds" "Mozilla/5.0 (Macintosh; Intel Mac OS X 10_12_6) AppleWebKit/537.36 (KHTML, like Gecko) Chrome/61.0.3163.100 Safari/537.36"
::1 - - [07/Oct/2017:18:16:06 +0000] "POST /api/cds HTTP/1.1" 302 60 "http://localhost:8000/api/cds" "Mozilla/5.0 (Macintosh; Intel Mac OS X 10_12_6) AppleWebKit/537.36 (KHTML, like Gecko) Chrome/61.0.3163.100 Safari/537.36"
::1 - - [07/Oct/2017:18:16:06 +0000] "GET /api/cds HTTP/1.1" 200 811 "http://localhost:8000/api/cds" "Mozilla/5.0 (Macintosh; Intel Mac OS X 10_12_6) AppleWebKit/537.36 (KHTML, like Gecko) Chrome/61.0.3163.100 Safari/537.36"
::1 - - [07/Oct/2017:18:16:06 +0000] "GET /api/resources/styles.css HTTP/1.1" 304 - "http://localhost:8000/api/cds" "Mozilla/5.0 (Macintosh; Intel Mac OS X 10_12_6) AppleWebKit/537.36 (KHTML, like Gecko) Chrome/61.0.3163.100 Safari/537.36"
::1 - - [07/Oct/2017:18:16:11 +0000] "POST /api/cds HTTP/1.1" 302 60 "http://localhost:8000/api/cds" "Mozilla/5.0 (Macintosh; Intel Mac OS X 10_12_6) AppleWebKit/537.36 (KHTML, like Gecko) Chrome/61.0.3163.100 Safari/537.36"
::1 - - [07/Oct/2017:18:16:11 +0000] "GET /api/cds HTTP/1.1" 200 1031 "http://localhost:8000/api/cds" "Mozilla/5.0 (Macintosh; Intel Mac OS X 10_12_6) AppleWebKit/537.36 (KHTML, like Gecko) Chrome/61.0.3163.100 Safari/537.36"
::1 - - [07/Oct/2017:18:16:11 +0000] "GET /api/resources/styles.css HTTP/1.1" 304 - "http://localhost:8000/api/cds" "Mozilla/5.0 (Macintosh; Intel Mac OS X 10_12_6) AppleWebKit/537.36 (KHTML, like Gecko) Chrome/61.0.3163.100 Safari/537.36"
::1 - - [07/Oct/2017:18:16:53 +0000] "GET /api/resources/styles.css HTTP/1.1" 304 - "http://localhost:8000/api/cds" "Mozilla/5.0 (Macintosh; Intel Mac OS X 10_12_6) AppleWebKit/537.36 (KHTML, like Gecko) Chrome/61.0.3163.100 Safari/537.36"
::1 - - [07/Oct/2017:18:17:24 +0000] "GET /api/cds HTTP/1.1" 200 779 "http://localhost:8000/api/cds" "Mozilla/5.0 (Macintosh; Intel Mac OS X 10_12_6) AppleWebKit/537.36 (KHTML, like Gecko) Chrome/61.0.3163.100 Safari/537.36"
::1 - - [07/Oct/2017:18:17:24 +0000] "GET /api/resources/styles.css HTTP/1.1" 304 - "http://localhost:8000/api/cds" "Mozilla/5.0 (Macintosh; Intel Mac OS X 10_12_6) AppleWebKit/537.36 (KHTML, like Gecko) Chrome/61.0.3163.100 Safari/537.36"
::1 - - [07/Oct/2017:18:17:42 +0000] "GET /api/cds HTTP/1.1" 200 1028 "http://localhost:8000/api/cds" "Mozilla/5.0 (Macintosh; Intel Mac OS X 10_12_6) AppleWebKit/537.36 (KHTML, like Gecko) Chrome/61.0.3163.100 Safari/537.36"
::1 - - [07/Oct/2017:18:17:42 +0000] "GET /api/resources/styles.css HTTP/1.1" 304 - "http://localhost:8000/api/cds" "Mozilla/5.0 (Macintosh; Intel Mac OS X 10_12_6) AppleWebKit/537.36 (KHTML, like Gecko) Chrome/61.0.3163.100 Safari/537.36"
::1 - - [07/Oct/2017:18:18:07 +0000] "GET /api/cds HTTP/1.1" 304 - "http://localhost:8000/api/cds" "Mozilla/5.0 (Macintosh; Intel Mac OS X 10_12_6) AppleWebKit/537.36 (KHTML, like Gecko) Chrome/61.0.3163.100 Safari/537.36"
::1 - - [07/Oct/2017:18:18:07 +0000] "GET /api/resources/styles.css HTTP/1.1" 304 - "http://localhost:8000/api/cds" "Mozilla/5.0 (Macintosh; Intel Mac OS X 10_12_6) AppleWebKit/537.36 (KHTML, like Gecko) Chrome/61.0.3163.100 Safari/537.36"
::1 - - [07/Oct/2017:18:18:08 +0000] "GET /api/cds/59d919e67c602c055d1d03b7/edit HTTP/1.1" 200 354 "http://localhost:8000/api/cds" "Mozilla/5.0 (Macintosh; Intel Mac OS X 10_12_6) AppleWebKit/537.36 (KHTML, like Gecko) Chrome/61.0.3163.100 Safari/537.36"
::1 - - [07/Oct/2017:18:18:23 +0000] "GET /api/cds HTTP/1.1" 304 - "http://localhost:8000/api/cds" "Mozilla/5.0 (Macintosh; Intel Mac OS X 10_12_6) AppleWebKit/537.36 (KHTML, like Gecko) Chrome/61.0.3163.100 Safari/537.36"
::1 - - [07/Oct/2017:18:18:23 +0000] "GET /api/resources/styles.css HTTP/1.1" 304 - "http://localhost:8000/api/cds" "Mozilla/5.0 (Macintosh; Intel Mac OS X 10_12_6) AppleWebKit/537.36 (KHTML, like Gecko) Chrome/61.0.3163.100 Safari/537.36"
::1 - - [07/Oct/2017:18:18:25 +0000] "GET /api/cds/59d919e67c602c055d1d03b7/edit HTTP/1.1" 304 - "http://localhost:8000/api/cds" "Mozilla/5.0 (Macintosh; Intel Mac OS X 10_12_6) AppleWebKit/537.36 (KHTML, like Gecko) Chrome/61.0.3163.100 Safari/537.36"
::1 - - [07/Oct/2017:18:18:48 +0000] "GET /api/cds HTTP/1.1" 304 - "http://localhost:8000/api/cds" "Mozilla/5.0 (Macintosh; Intel Mac OS X 10_12_6) AppleWebKit/537.36 (KHTML, like Gecko) Chrome/61.0.3163.100 Safari/537.36"
::1 - - [07/Oct/2017:18:18:48 +0000] "GET /api/resources/styles.css HTTP/1.1" 304 - "http://localhost:8000/api/cds" "Mozilla/5.0 (Macintosh; Intel Mac OS X 10_12_6) AppleWebKit/537.36 (KHTML, like Gecko) Chrome/61.0.3163.100 Safari/537.36"
::1 - - [07/Oct/2017:18:18:51 +0000] "GET /api/cds/59d919e67c602c055d1d03b7/edit HTTP/1.1" 500 2274 "http://localhost:8000/api/cds" "Mozilla/5.0 (Macintosh; Intel Mac OS X 10_12_6) AppleWebKit/537.36 (KHTML, like Gecko) Chrome/61.0.3163.100 Safari/537.36"
::1 - - [07/Oct/2017:18:19:09 +0000] "GET /api/cds HTTP/1.1" 304 - "http://localhost:8000/api/cds" "Mozilla/5.0 (Macintosh; Intel Mac OS X 10_12_6) AppleWebKit/537.36 (KHTML, like Gecko) Chrome/61.0.3163.100 Safari/537.36"
::1 - - [07/Oct/2017:18:19:09 +0000] "GET /api/resources/styles.css HTTP/1.1" 304 - "http://localhost:8000/api/cds" "Mozilla/5.0 (Macintosh; Intel Mac OS X 10_12_6) AppleWebKit/537.36 (KHTML, like Gecko) Chrome/61.0.3163.100 Safari/537.36"
::1 - - [07/Oct/2017:18:19:10 +0000] "GET /api/cds/59d919e67c602c055d1d03b7/edit HTTP/1.1" 200 355 "http://localhost:8000/api/cds" "Mozilla/5.0 (Macintosh; Intel Mac OS X 10_12_6) AppleWebKit/537.36 (KHTML, like Gecko) Chrome/61.0.3163.100 Safari/537.36"
::1 - - [07/Oct/2017:18:20:44 +0000] "GET /api/cds HTTP/1.1" 200 589 "-" "Mozilla/5.0 (Macintosh; Intel Mac OS X 10_12_6) AppleWebKit/537.36 (KHTML, like Gecko) Chrome/61.0.3163.100 Safari/537.36"
::1 - - [07/Oct/2017:18:20:44 +0000] "GET /api/resources/styles.css HTTP/1.1" 304 - "http://localhost:8000/api/cds" "Mozilla/5.0 (Macintosh; Intel Mac OS X 10_12_6) AppleWebKit/537.36 (KHTML, like Gecko) Chrome/61.0.3163.100 Safari/537.36"
::1 - - [07/Oct/2017:18:20:52 +0000] "POST /api/cds HTTP/1.1" 302 60 "http://localhost:8000/api/cds" "Mozilla/5.0 (Macintosh; Intel Mac OS X 10_12_6) AppleWebKit/537.36 (KHTML, like Gecko) Chrome/61.0.3163.100 Safari/537.36"
::1 - - [07/Oct/2017:18:20:52 +0000] "GET /api/cds HTTP/1.1" 200 811 "http://localhost:8000/api/cds" "Mozilla/5.0 (Macintosh; Intel Mac OS X 10_12_6) AppleWebKit/537.36 (KHTML, like Gecko) Chrome/61.0.3163.100 Safari/537.36"
::1 - - [07/Oct/2017:18:20:52 +0000] "GET /api/resources/styles.css HTTP/1.1" 304 - "http://localhost:8000/api/cds" "Mozilla/5.0 (Macintosh; Intel Mac OS X 10_12_6) AppleWebKit/537.36 (KHTML, like Gecko) Chrome/61.0.3163.100 Safari/537.36"
::1 - - [07/Oct/2017:18:20:54 +0000] "GET /api/cds/59d91b045da9ab0595a274c2/edit HTTP/1.1" 200 363 "http://localhost:8000/api/cds" "Mozilla/5.0 (Macintosh; Intel Mac OS X 10_12_6) AppleWebKit/537.36 (KHTML, like Gecko) Chrome/61.0.3163.100 Safari/537.36"
::1 - - [07/Oct/2017:18:22:56 +0000] "GET /api/cds HTTP/1.1" 304 - "-" "Mozilla/5.0 (Macintosh; Intel Mac OS X 10_12_6) AppleWebKit/537.36 (KHTML, like Gecko) Chrome/61.0.3163.100 Safari/537.36"
::1 - - [07/Oct/2017:18:22:56 +0000] "GET /api/resources/styles.css HTTP/1.1" 304 - "http://localhost:8000/api/cds" "Mozilla/5.0 (Macintosh; Intel Mac OS X 10_12_6) AppleWebKit/537.36 (KHTML, like Gecko) Chrome/61.0.3163.100 Safari/537.36"
::1 - - [07/Oct/2017:18:22:58 +0000] "GET /api/cds HTTP/1.1" 304 - "-" "Mozilla/5.0 (Macintosh; Intel Mac OS X 10_12_6) AppleWebKit/537.36 (KHTML, like Gecko) Chrome/61.0.3163.100 Safari/537.36"
::1 - - [07/Oct/2017:18:22:58 +0000] "GET /api/resources/styles.css HTTP/1.1" 304 - "http://localhost:8000/api/cds" "Mozilla/5.0 (Macintosh; Intel Mac OS X 10_12_6) AppleWebKit/537.36 (KHTML, like Gecko) Chrome/61.0.3163.100 Safari/537.36"
::1 - - [07/Oct/2017:18:22:59 +0000] "GET /api/cds/59d91b045da9ab0595a274c2/edit HTTP/1.1" 200 361 "http://localhost:8000/api/cds" "Mozilla/5.0 (Macintosh; Intel Mac OS X 10_12_6) AppleWebKit/537.36 (KHTML, like Gecko) Chrome/61.0.3163.100 Safari/537.36"
::1 - - [07/Oct/2017:18:23:22 +0000] "GET /api/cds/59d91b045da9ab0595a274c2/edit HTTP/1.1" 304 - "http://localhost:8000/api/cds" "Mozilla/5.0 (Macintosh; Intel Mac OS X 10_12_6) AppleWebKit/537.36 (KHTML, like Gecko) Chrome/61.0.3163.100 Safari/537.36"
::1 - - [07/Oct/2017:18:24:39 +0000] "GET /api/cds HTTP/1.1" 304 - "-" "Mozilla/5.0 (Macintosh; Intel Mac OS X 10_12_6) AppleWebKit/537.36 (KHTML, like Gecko) Chrome/61.0.3163.100 Safari/537.36"
::1 - - [07/Oct/2017:18:24:39 +0000] "GET /api/resources/styles.css HTTP/1.1" 304 - "http://localhost:8000/api/cds" "Mozilla/5.0 (Macintosh; Intel Mac OS X 10_12_6) AppleWebKit/537.36 (KHTML, like Gecko) Chrome/61.0.3163.100 Safari/537.36"
::1 - - [07/Oct/2017:18:24:40 +0000] "GET /api/cds/59d91b045da9ab0595a274c2/edit HTTP/1.1" 200 359 "http://localhost:8000/api/cds" "Mozilla/5.0 (Macintosh; Intel Mac OS X 10_12_6) AppleWebKit/537.36 (KHTML, like Gecko) Chrome/61.0.3163.100 Safari/537.36"
::1 - - [07/Oct/2017:18:24:41 +0000] "POST /api/cds/59d91b045da9ab0595a274c2 HTTP/1.1" 302 60 "http://localhost:8000/api/cds/59d91b045da9ab0595a274c2/edit" "Mozilla/5.0 (Macintosh; Intel Mac OS X 10_12_6) AppleWebKit/537.36 (KHTML, like Gecko) Chrome/61.0.3163.100 Safari/537.36"
::1 - - [07/Oct/2017:18:24:41 +0000] "GET /api/cds HTTP/1.1" 304 - "http://localhost:8000/api/cds/59d91b045da9ab0595a274c2/edit" "Mozilla/5.0 (Macintosh; Intel Mac OS X 10_12_6) AppleWebKit/537.36 (KHTML, like Gecko) Chrome/61.0.3163.100 Safari/537.36"
::1 - - [07/Oct/2017:18:24:41 +0000] "GET /api/resources/styles.css HTTP/1.1" 304 - "http://localhost:8000/api/cds" "Mozilla/5.0 (Macintosh; Intel Mac OS X 10_12_6) AppleWebKit/537.36 (KHTML, like Gecko) Chrome/61.0.3163.100 Safari/537.36"
::1 - - [07/Oct/2017:18:24:43 +0000] "GET /api/cds/59d91b045da9ab0595a274c2/edit HTTP/1.1" 304 - "http://localhost:8000/api/cds" "Mozilla/5.0 (Macintosh; Intel Mac OS X 10_12_6) AppleWebKit/537.36 (KHTML, like Gecko) Chrome/61.0.3163.100 Safari/537.36"
::1 - - [07/Oct/2017:18:24:46 +0000] "POST /api/cds/59d91b045da9ab0595a274c2 HTTP/1.1" 302 60 "http://localhost:8000/api/cds/59d91b045da9ab0595a274c2/edit" "Mozilla/5.0 (Macintosh; Intel Mac OS X 10_12_6) AppleWebKit/537.36 (KHTML, like Gecko) Chrome/61.0.3163.100 Safari/537.36"
::1 - - [07/Oct/2017:18:24:46 +0000] "GET /api/cds HTTP/1.1" 200 812 "http://localhost:8000/api/cds/59d91b045da9ab0595a274c2/edit" "Mozilla/5.0 (Macintosh; Intel Mac OS X 10_12_6) AppleWebKit/537.36 (KHTML, like Gecko) Chrome/61.0.3163.100 Safari/537.36"
::1 - - [07/Oct/2017:18:24:46 +0000] "GET /api/resources/styles.css HTTP/1.1" 304 - "http://localhost:8000/api/cds" "Mozilla/5.0 (Macintosh; Intel Mac OS X 10_12_6) AppleWebKit/537.36 (KHTML, like Gecko) Chrome/61.0.3163.100 Safari/537.36"
::1 - - [07/Oct/2017:18:24:55 +0000] "GET /api/cds/delete/59d91b045da9ab0595a274c2 HTTP/1.1" 302 60 "http://localhost:8000/api/cds" "Mozilla/5.0 (Macintosh; Intel Mac OS X 10_12_6) AppleWebKit/537.36 (KHTML, like Gecko) Chrome/61.0.3163.100 Safari/537.36"
::1 - - [07/Oct/2017:18:24:55 +0000] "GET /api/cds HTTP/1.1" 200 589 "http://localhost:8000/api/cds" "Mozilla/5.0 (Macintosh; Intel Mac OS X 10_12_6) AppleWebKit/537.36 (KHTML, like Gecko) Chrome/61.0.3163.100 Safari/537.36"
::1 - - [07/Oct/2017:18:24:55 +0000] "GET /api/resources/styles.css HTTP/1.1" 304 - "http://localhost:8000/api/cds" "Mozilla/5.0 (Macintosh; Intel Mac OS X 10_12_6) AppleWebKit/537.36 (KHTML, like Gecko) Chrome/61.0.3163.100 Safari/537.36"
::1 - - [07/Oct/2017:18:24:57 +0000] "GET /api/cds HTTP/1.1" 304 - "http://localhost:8000/api/cds" "Mozilla/5.0 (Macintosh; Intel Mac OS X 10_12_6) AppleWebKit/537.36 (KHTML, like Gecko) Chrome/61.0.3163.100 Safari/537.36"
::1 - - [07/Oct/2017:18:24:57 +0000] "GET /api/resources/styles.css HTTP/1.1" 304 - "http://localhost:8000/api/cds" "Mozilla/5.0 (Macintosh; Intel Mac OS X 10_12_6) AppleWebKit/537.36 (KHTML, like Gecko) Chrome/61.0.3163.100 Safari/537.36"
